{"/home/travis/build/npmtest/node-npmtest-npm-upgrade/test.js":{"path":"/home/travis/build/npmtest/node-npmtest-npm-upgrade/test.js","s":{"1":2,"2":2,"3":2,"4":2,"5":2,"6":2,"7":2,"8":1,"9":2,"10":2,"11":1,"12":1,"13":1,"14":1,"15":2,"16":2,"17":2,"18":2,"19":1,"20":1,"21":2,"22":2,"23":2,"24":1,"25":1,"26":1,"27":1,"28":1,"29":1,"30":1,"31":1,"32":1,"33":1,"34":1,"35":1,"36":1,"37":1,"38":1,"39":2,"40":2,"41":1,"42":2,"43":2,"44":1,"45":2,"46":2,"47":1,"48":2,"49":2,"50":1,"51":1,"52":1,"53":1,"54":1},"b":{"1":[2,1,1,1],"2":[1,1,1,1],"3":[1,1],"4":[1,1],"5":[1,1],"6":[1,1],"7":[1,1],"8":[1,1],"9":[1,1],"10":[1,1,1],"11":[1,1],"12":[1,1],"13":[1,1],"14":[1,1],"15":[1,1],"16":[1,1],"17":[1,1]},"f":{"1":2,"2":2,"3":2,"4":2,"5":2,"6":1,"7":1,"8":1,"9":2,"10":2,"11":2,"12":2,"13":1},"fnMap":{"1":{"name":"(anonymous_1)","line":12,"loc":{"start":{"line":12,"column":1},"end":{"line":12,"column":13}}},"2":{"name":"(anonymous_2)","line":19,"loc":{"start":{"line":19,"column":5},"end":{"line":19,"column":17}}},"3":{"name":"(anonymous_3)","line":23,"loc":{"start":{"line":23,"column":24},"end":{"line":23,"column":36}}},"4":{"name":"(anonymous_4)","line":61,"loc":{"start":{"line":61,"column":5},"end":{"line":61,"column":17}}},"5":{"name":"(anonymous_5)","line":82,"loc":{"start":{"line":82,"column":5},"end":{"line":82,"column":17}}},"6":{"name":"(anonymous_6)","line":91,"loc":{"start":{"line":91,"column":77},"end":{"line":94,"column":10}}},"7":{"name":"(anonymous_7)","line":112,"loc":{"start":{"line":112,"column":83},"end":{"line":115,"column":10}},"skip":true},"8":{"name":"(anonymous_8)","line":123,"loc":{"start":{"line":123,"column":77},"end":{"line":126,"column":10}},"skip":true},"9":{"name":"(anonymous_9)","line":139,"loc":{"start":{"line":139,"column":12},"end":{"line":139,"column":40}},"skip":true},"10":{"name":"(anonymous_10)","line":147,"loc":{"start":{"line":147,"column":77},"end":{"line":150,"column":10}},"skip":true},"11":{"name":"(anonymous_11)","line":158,"loc":{"start":{"line":158,"column":83},"end":{"line":161,"column":10}},"skip":true},"12":{"name":"(anonymous_12)","line":169,"loc":{"start":{"line":169,"column":79},"end":{"line":172,"column":10}},"skip":true},"13":{"name":"(anonymous_13)","line":180,"loc":{"start":{"line":180,"column":75},"end":{"line":183,"column":10}},"skip":true}},"statementMap":{"1":{"start":{"line":12,"column":0},"end":{"line":195,"column":5}},"2":{"start":{"line":14,"column":4},"end":{"line":14,"column":14}},"3":{"start":{"line":19,"column":4},"end":{"line":56,"column":9}},"4":{"start":{"line":21,"column":8},"end":{"line":21,"column":19}},"5":{"start":{"line":23,"column":8},"end":{"line":35,"column":13}},"6":{"start":{"line":24,"column":12},"end":{"line":34,"column":13}},"7":{"start":{"line":25,"column":16},"end":{"line":28,"column":30}},"8":{"start":{"line":30,"column":16},"end":{"line":33,"column":27}},"9":{"start":{"line":37,"column":8},"end":{"line":39,"column":21}},"10":{"start":{"line":40,"column":8},"end":{"line":53,"column":9}},"11":{"start":{"line":43,"column":12},"end":{"line":46,"column":14}},"12":{"start":{"line":47,"column":12},"end":{"line":47,"column":18}},"13":{"start":{"line":50,"column":12},"end":{"line":51,"column":33}},"14":{"start":{"line":52,"column":12},"end":{"line":52,"column":18}},"15":{"start":{"line":55,"column":8},"end":{"line":55,"column":35}},"16":{"start":{"line":61,"column":4},"end":{"line":63,"column":9}},"17":{"start":{"line":62,"column":8},"end":{"line":62,"column":15}},"18":{"start":{"line":64,"column":4},"end":{"line":77,"column":5}},"19":{"start":{"line":70,"column":8},"end":{"line":70,"column":14}},"20":{"start":{"line":76,"column":8},"end":{"line":76,"column":14}},"21":{"start":{"line":82,"column":4},"end":{"line":84,"column":9}},"22":{"start":{"line":83,"column":8},"end":{"line":83,"column":15}},"23":{"start":{"line":85,"column":4},"end":{"line":194,"column":5}},"24":{"start":{"line":91,"column":8},"end":{"line":99,"column":10}},"25":{"start":{"line":98,"column":12},"end":{"line":98,"column":35}},"26":{"start":{"line":102,"column":8},"end":{"line":104,"column":63}},"27":{"start":{"line":105,"column":8},"end":{"line":105,"column":14}},"28":{"start":{"line":112,"column":8},"end":{"line":121,"column":10},"skip":true},"29":{"start":{"line":119,"column":12},"end":{"line":119,"column":55},"skip":true},"30":{"start":{"line":120,"column":12},"end":{"line":120,"column":48},"skip":true},"31":{"start":{"line":123,"column":8},"end":{"line":136,"column":10},"skip":true},"32":{"start":{"line":130,"column":12},"end":{"line":130,"column":76},"skip":true},"33":{"start":{"line":131,"column":12},"end":{"line":131,"column":73},"skip":true},"34":{"start":{"line":132,"column":12},"end":{"line":132,"column":74},"skip":true},"35":{"start":{"line":133,"column":12},"end":{"line":133,"column":79},"skip":true},"36":{"start":{"line":134,"column":12},"end":{"line":134,"column":25},"skip":true},"37":{"start":{"line":135,"column":12},"end":{"line":135,"column":45},"skip":true},"38":{"start":{"line":138,"column":8},"end":{"line":145,"column":14},"skip":true},"39":{"start":{"line":143,"column":16},"end":{"line":143,"column":29},"skip":true},"40":{"start":{"line":144,"column":16},"end":{"line":144,"column":55},"skip":true},"41":{"start":{"line":147,"column":8},"end":{"line":156,"column":10},"skip":true},"42":{"start":{"line":154,"column":12},"end":{"line":154,"column":25},"skip":true},"43":{"start":{"line":155,"column":12},"end":{"line":155,"column":45},"skip":true},"44":{"start":{"line":158,"column":8},"end":{"line":167,"column":10},"skip":true},"45":{"start":{"line":165,"column":12},"end":{"line":165,"column":25},"skip":true},"46":{"start":{"line":166,"column":12},"end":{"line":166,"column":48},"skip":true},"47":{"start":{"line":169,"column":8},"end":{"line":178,"column":10},"skip":true},"48":{"start":{"line":176,"column":12},"end":{"line":176,"column":25},"skip":true},"49":{"start":{"line":177,"column":12},"end":{"line":177,"column":46},"skip":true},"50":{"start":{"line":180,"column":8},"end":{"line":189,"column":10},"skip":true},"51":{"start":{"line":187,"column":12},"end":{"line":187,"column":94},"skip":true},"52":{"start":{"line":188,"column":12},"end":{"line":188,"column":48},"skip":true},"53":{"start":{"line":192,"column":8},"end":{"line":192,"column":35},"skip":true},"54":{"start":{"line":193,"column":8},"end":{"line":193,"column":14},"skip":true}},"branchMap":{"1":{"line":25,"type":"binary-expr","locations":[{"start":{"line":25,"column":23},"end":{"line":25,"column":62}},{"start":{"line":26,"column":20},"end":{"line":26,"column":70}},{"start":{"line":27,"column":20},"end":{"line":27,"column":71}},{"start":{"line":28,"column":20},"end":{"line":28,"column":29}}]},"2":{"line":30,"type":"binary-expr","locations":[{"start":{"line":30,"column":23},"end":{"line":30,"column":37}},{"start":{"line":31,"column":20},"end":{"line":31,"column":61}},{"start":{"line":32,"column":20},"end":{"line":32,"column":70}},{"start":{"line":33,"column":20},"end":{"line":33,"column":26}}]},"3":{"line":37,"type":"cond-expr","locations":[{"start":{"line":38,"column":14},"end":{"line":38,"column":20}},{"start":{"line":39,"column":14},"end":{"line":39,"column":20}}]},"4":{"line":40,"type":"switch","locations":[{"start":{"line":42,"column":8},"end":{"line":47,"column":18}},{"start":{"line":49,"column":8},"end":{"line":52,"column":18}}]},"5":{"line":44,"type":"binary-expr","locations":[{"start":{"line":44,"column":16},"end":{"line":44,"column":44}},{"start":{"line":44,"column":48},"end":{"line":44,"column":66}}]},"6":{"line":50,"type":"binary-expr","locations":[{"start":{"line":50,"column":21},"end":{"line":50,"column":49}},{"start":{"line":50,"column":53},"end":{"line":50,"column":72}}]},"7":{"line":64,"type":"switch","locations":[{"start":{"line":69,"column":4},"end":{"line":70,"column":14}},{"start":{"line":75,"column":4},"end":{"line":76,"column":14}}]},"8":{"line":85,"type":"switch","locations":[{"start":{"line":90,"column":4},"end":{"line":105,"column":14}},{"start":{"line":111,"column":4},"end":{"line":193,"column":14},"skip":true}]},"9":{"line":91,"type":"binary-expr","locations":[{"start":{"line":91,"column":42},"end":{"line":91,"column":73}},{"start":{"line":91,"column":77},"end":{"line":99,"column":9}}]},"10":{"line":102,"type":"binary-expr","locations":[{"start":{"line":102,"column":18},"end":{"line":102,"column":32}},{"start":{"line":103,"column":12},"end":{"line":103,"column":53}},{"start":{"line":104,"column":12},"end":{"line":104,"column":61}}]},"11":{"line":112,"type":"binary-expr","locations":[{"start":{"line":112,"column":45},"end":{"line":112,"column":79},"skip":true},{"start":{"line":112,"column":83},"end":{"line":121,"column":9},"skip":true}]},"12":{"line":123,"type":"binary-expr","locations":[{"start":{"line":123,"column":42},"end":{"line":123,"column":73},"skip":true},{"start":{"line":123,"column":77},"end":{"line":136,"column":9},"skip":true}]},"13":{"line":138,"type":"binary-expr","locations":[{"start":{"line":138,"column":48},"end":{"line":138,"column":85},"skip":true},{"start":{"line":139,"column":12},"end":{"line":145,"column":13},"skip":true}]},"14":{"line":147,"type":"binary-expr","locations":[{"start":{"line":147,"column":42},"end":{"line":147,"column":73},"skip":true},{"start":{"line":147,"column":77},"end":{"line":156,"column":9},"skip":true}]},"15":{"line":158,"type":"binary-expr","locations":[{"start":{"line":158,"column":45},"end":{"line":158,"column":79},"skip":true},{"start":{"line":158,"column":83},"end":{"line":167,"column":9},"skip":true}]},"16":{"line":169,"type":"binary-expr","locations":[{"start":{"line":169,"column":43},"end":{"line":169,"column":75},"skip":true},{"start":{"line":169,"column":79},"end":{"line":178,"column":9},"skip":true}]},"17":{"line":180,"type":"binary-expr","locations":[{"start":{"line":180,"column":41},"end":{"line":180,"column":71},"skip":true},{"start":{"line":180,"column":75},"end":{"line":189,"column":9},"skip":true}]}},"code":["/* istanbul instrument in package npmtest_npm_upgrade */","/*jslint","    bitwise: true,","    browser: true,","    maxerr: 8,","    maxlen: 96,","    node: true,","    nomen: true,","    regexp: true,","    stupid: true","*/","(function () {","    'use strict';","    var local;","","","","    // run shared js-env code - pre-init","    (function () {","        // init local","        local = {};","        // init modeJs","        local.modeJs = (function () {","            try {","                return typeof navigator.userAgent === 'string' &&","                    typeof document.querySelector('body') === 'object' &&","                    typeof XMLHttpRequest.prototype.open === 'function' &&","                    'browser';","            } catch (errorCaughtBrowser) {","                return module.exports &&","                    typeof process.versions.node === 'string' &&","                    typeof require('http').createServer === 'function' &&","                    'node';","            }","        }());","        // init global","        local.global = local.modeJs === 'browser'","            ? window","            : global;","        switch (local.modeJs) {","        // re-init local from window.local","        case 'browser':","            local = local.global.utility2.objectSetDefault(","                local.global.utility2_rollup || local.global.local,","                local.global.utility2","            );","            break;","        // re-init local from example.js","        case 'node':","            local = (local.global.utility2_rollup || require('utility2'))","                .requireReadme();","            break;","        }","        // export local","        local.global.local = local;","    }());","","","","    // run shared js-env code - function","    (function () {","        return;","    }());","    switch (local.modeJs) {","","","","    // run browser js-env code - function","    case 'browser':","        break;","","","","    // run node js-env code - function","    case 'node':","        break;","    }","","","","    // run shared js-env code - post-init","    (function () {","        return;","    }());","    switch (local.modeJs) {","","","","    // run browser js-env code - post-init","    case 'browser':","        local.testCase_browser_nullCase = local.testCase_browser_nullCase || function (","            options,","            onError","        ) {","        /*","         * this function will test browsers's null-case handling-behavior-behavior","         */","            onError(null, options);","        };","","        // run tests","        local.nop(local.modeTest &&","            document.querySelector('#testRunButton1') &&","            document.querySelector('#testRunButton1').click());","        break;","","","","    // run node js-env code - post-init","    /* istanbul ignore next */","    case 'node':","        local.testCase_buildApidoc_default = local.testCase_buildApidoc_default || function (","            options,","            onError","        ) {","        /*","         * this function will test buildApidoc's default handling-behavior-behavior","         */","            options = { modulePathList: module.paths };","            local.buildApidoc(options, onError);","        };","","        local.testCase_buildApp_default = local.testCase_buildApp_default || function (","            options,","            onError","        ) {","        /*","         * this function will test buildApp's default handling-behavior-behavior","         */","            local.testCase_buildReadme_default(options, local.onErrorThrow);","            local.testCase_buildLib_default(options, local.onErrorThrow);","            local.testCase_buildTest_default(options, local.onErrorThrow);","            local.testCase_buildCustomOrg_default(options, local.onErrorThrow);","            options = [];","            local.buildApp(options, onError);","        };","","        local.testCase_buildCustomOrg_default = local.testCase_buildCustomOrg_default ||","            function (options, onError) {","            /*","             * this function will test buildCustomOrg's default handling-behavior","             */","                options = {};","                local.buildCustomOrg(options, onError);","            };","","        local.testCase_buildLib_default = local.testCase_buildLib_default || function (","            options,","            onError","        ) {","        /*","         * this function will test buildLib's default handling-behavior","         */","            options = {};","            local.buildLib(options, onError);","        };","","        local.testCase_buildReadme_default = local.testCase_buildReadme_default || function (","            options,","            onError","        ) {","        /*","         * this function will test buildReadme's default handling-behavior-behavior","         */","            options = {};","            local.buildReadme(options, onError);","        };","","        local.testCase_buildTest_default = local.testCase_buildTest_default || function (","            options,","            onError","        ) {","        /*","         * this function will test buildTest's default handling-behavior","         */","            options = {};","            local.buildTest(options, onError);","        };","","        local.testCase_webpage_default = local.testCase_webpage_default || function (","            options,","            onError","        ) {","        /*","         * this function will test webpage's default handling-behavior","         */","            options = { modeCoverageMerge: true, url: local.serverLocalHost + '?modeTest=1' };","            local.browserTest(options, onError);","        };","","        // run test-server","        local.testRunServer(local);","        break;","    }","}());",""],"l":{"12":2,"14":2,"19":2,"21":2,"23":2,"24":2,"25":2,"30":1,"37":2,"40":2,"43":1,"47":1,"50":1,"52":1,"55":2,"61":2,"62":2,"64":2,"70":1,"76":1,"82":2,"83":2,"85":2,"91":1,"98":1,"102":1,"105":1,"112":1,"119":1,"120":1,"123":1,"130":1,"131":1,"132":1,"133":1,"134":1,"135":1,"138":1,"143":2,"144":2,"147":1,"154":2,"155":2,"158":1,"165":2,"166":2,"169":1,"176":2,"177":2,"180":1,"187":1,"188":1,"192":1,"193":1}},"/home/travis/build/npmtest/node-npmtest-npm-upgrade/lib.npmtest_npm_upgrade.js":{"path":"/home/travis/build/npmtest/node-npmtest-npm-upgrade/lib.npmtest_npm_upgrade.js","s":{"1":2,"2":2,"3":2,"4":2,"5":2,"6":2,"7":2,"8":1,"9":2,"10":2,"11":2,"12":2,"13":1,"14":1,"15":1,"16":1},"b":{"1":[2,1,1,1],"2":[1,1,1,1],"3":[1,1],"4":[2,2],"5":[1,1]},"f":{"1":2,"2":2,"3":2},"fnMap":{"1":{"name":"(anonymous_1)","line":12,"loc":{"start":{"line":12,"column":1},"end":{"line":12,"column":13}}},"2":{"name":"(anonymous_2)","line":19,"loc":{"start":{"line":19,"column":5},"end":{"line":19,"column":17}}},"3":{"name":"(anonymous_3)","line":23,"loc":{"start":{"line":23,"column":24},"end":{"line":23,"column":36}}}},"statementMap":{"1":{"start":{"line":12,"column":0},"end":{"line":53,"column":5}},"2":{"start":{"line":14,"column":4},"end":{"line":14,"column":14}},"3":{"start":{"line":19,"column":4},"end":{"line":52,"column":9}},"4":{"start":{"line":21,"column":8},"end":{"line":21,"column":19}},"5":{"start":{"line":23,"column":8},"end":{"line":35,"column":13}},"6":{"start":{"line":24,"column":12},"end":{"line":34,"column":13}},"7":{"start":{"line":25,"column":16},"end":{"line":28,"column":30}},"8":{"start":{"line":30,"column":16},"end":{"line":33,"column":27}},"9":{"start":{"line":37,"column":8},"end":{"line":39,"column":21}},"10":{"start":{"line":41,"column":8},"end":{"line":41,"column":54}},"11":{"start":{"line":43,"column":8},"end":{"line":43,"column":56}},"12":{"start":{"line":45,"column":8},"end":{"line":51,"column":9}},"13":{"start":{"line":46,"column":12},"end":{"line":46,"column":62}},"14":{"start":{"line":48,"column":12},"end":{"line":48,"column":35}},"15":{"start":{"line":49,"column":12},"end":{"line":49,"column":49}},"16":{"start":{"line":50,"column":12},"end":{"line":50,"column":43}}},"branchMap":{"1":{"line":25,"type":"binary-expr","locations":[{"start":{"line":25,"column":23},"end":{"line":25,"column":62}},{"start":{"line":26,"column":20},"end":{"line":26,"column":70}},{"start":{"line":27,"column":20},"end":{"line":27,"column":71}},{"start":{"line":28,"column":20},"end":{"line":28,"column":29}}]},"2":{"line":30,"type":"binary-expr","locations":[{"start":{"line":30,"column":23},"end":{"line":30,"column":37}},{"start":{"line":31,"column":20},"end":{"line":31,"column":61}},{"start":{"line":32,"column":20},"end":{"line":32,"column":70}},{"start":{"line":33,"column":20},"end":{"line":33,"column":26}}]},"3":{"line":37,"type":"cond-expr","locations":[{"start":{"line":38,"column":14},"end":{"line":38,"column":20}},{"start":{"line":39,"column":14},"end":{"line":39,"column":20}}]},"4":{"line":41,"type":"binary-expr","locations":[{"start":{"line":41,"column":16},"end":{"line":41,"column":44}},{"start":{"line":41,"column":48},"end":{"line":41,"column":53}}]},"5":{"line":45,"type":"if","locations":[{"start":{"line":45,"column":8},"end":{"line":45,"column":8}},{"start":{"line":45,"column":8},"end":{"line":45,"column":8}}]}},"code":["/* istanbul instrument in package npmtest_npm_upgrade */","/*jslint","    bitwise: true,","    browser: true,","    maxerr: 8,","    maxlen: 96,","    node: true,","    nomen: true,","    regexp: true,","    stupid: true","*/","(function () {","    'use strict';","    var local;","","","","    // run shared js-env code - pre-init","    (function () {","        // init local","        local = {};","        // init modeJs","        local.modeJs = (function () {","            try {","                return typeof navigator.userAgent === 'string' &&","                    typeof document.querySelector('body') === 'object' &&","                    typeof XMLHttpRequest.prototype.open === 'function' &&","                    'browser';","            } catch (errorCaughtBrowser) {","                return module.exports &&","                    typeof process.versions.node === 'string' &&","                    typeof require('http').createServer === 'function' &&","                    'node';","            }","        }());","        // init global","        local.global = local.modeJs === 'browser'","            ? window","            : global;","        // init utility2_rollup","        local = local.global.utility2_rollup || local;","        // init lib","        local.local = local.npmtest_npm_upgrade = local;","        // init exports","        if (local.modeJs === 'browser') {","            local.global.utility2_npmtest_npm_upgrade = local;","        } else {","            module.exports = local;","            module.exports.__dirname = __dirname;","            module.exports.module = module;","        }","    }());","}());",""],"l":{"12":2,"14":2,"19":2,"21":2,"23":2,"24":2,"25":2,"30":1,"37":2,"41":2,"43":2,"45":2,"46":1,"48":1,"49":1,"50":1}},"/home/travis/build/npmtest/node-npmtest-npm-upgrade/example.js":{"path":"/home/travis/build/npmtest/node-npmtest-npm-upgrade/example.js","s":{"1":2,"2":2,"3":2,"4":2,"5":2,"6":2,"7":2,"8":1,"9":2,"10":2,"11":2,"12":2,"13":1,"14":2,"15":2,"16":2,"17":2,"18":2,"19":0,"20":2,"21":1,"22":1,"23":1,"24":1,"25":1,"26":0,"27":0,"28":1,"29":1,"30":2,"31":0,"32":0,"33":0,"34":1,"35":2,"36":2,"37":3,"38":3,"39":3,"40":3,"41":0,"42":3,"43":3,"44":3,"45":1,"46":3,"47":1,"48":1,"49":1,"50":1,"51":1,"52":1,"53":1,"54":1,"55":1,"56":1,"57":0,"58":1,"59":6,"60":6,"61":1,"62":2,"63":0,"64":2,"65":1,"66":1,"67":0,"68":0,"69":0,"70":0,"71":0,"72":0,"73":0,"74":0,"75":0,"76":0,"77":0,"78":0,"79":0,"80":0,"81":0,"82":0,"83":0},"b":{"1":[2,1,1,1],"2":[1,1,1,1],"3":[1,1],"4":[2,2],"5":[1,1],"6":[1,1],"7":[2,0],"8":[2,1,1,1,1,1],"9":[0,2,0],"10":[1,1],"11":[2,1,1],"12":[1,0],"13":[0,2],"14":[2,0,0,0,0,0,0],"15":[0,3],"16":[3,0],"17":[1,1],"18":[0,1],"19":[1,2,0,2],"20":[1,0],"21":[1,1],"22":[0,0],"23":[0,0],"24":[0,0],"25":[0,0],"26":[0,0],"27":[0,0],"28":[0,0]},"f":{"1":2,"2":2,"3":2,"4":2,"5":2,"6":2,"7":3,"8":3,"9":3,"10":1,"11":6,"12":0},"fnMap":{"1":{"name":"(anonymous_1)","line":26,"loc":{"start":{"line":26,"column":1},"end":{"line":26,"column":13}}},"2":{"name":"(anonymous_2)","line":33,"loc":{"start":{"line":33,"column":5},"end":{"line":33,"column":17}}},"3":{"name":"(anonymous_3)","line":37,"loc":{"start":{"line":37,"column":24},"end":{"line":37,"column":36}}},"4":{"name":"(anonymous_4)","line":69,"loc":{"start":{"line":69,"column":31},"end":{"line":69,"column":48}},"skip":true},"5":{"name":"(anonymous_5)","line":78,"loc":{"start":{"line":78,"column":26},"end":{"line":78,"column":45}},"skip":true},"6":{"name":"(anonymous_6)","line":123,"loc":{"start":{"line":123,"column":33},"end":{"line":123,"column":48}},"skip":true},"7":{"name":"(anonymous_7)","line":125,"loc":{"start":{"line":125,"column":27},"end":{"line":125,"column":39}},"skip":true},"8":{"name":"(anonymous_8)","line":133,"loc":{"start":{"line":133,"column":59},"end":{"line":133,"column":74}},"skip":true},"9":{"name":"(anonymous_9)","line":143,"loc":{"start":{"line":143,"column":45},"end":{"line":143,"column":62}},"skip":true},"10":{"name":"(anonymous_10)","line":144,"loc":{"start":{"line":144,"column":73},"end":{"line":144,"column":92}},"skip":true},"11":{"name":"(anonymous_11)","line":272,"loc":{"start":{"line":272,"column":51},"end":{"line":272,"column":77}},"skip":true},"12":{"name":"(anonymous_12)","line":315,"loc":{"start":{"line":315,"column":32},"end":{"line":315,"column":61}},"skip":true}},"statementMap":{"1":{"start":{"line":26,"column":0},"end":{"line":326,"column":5}},"2":{"start":{"line":28,"column":4},"end":{"line":28,"column":14}},"3":{"start":{"line":33,"column":4},"end":{"line":60,"column":9}},"4":{"start":{"line":35,"column":8},"end":{"line":35,"column":19}},"5":{"start":{"line":37,"column":8},"end":{"line":49,"column":13}},"6":{"start":{"line":38,"column":12},"end":{"line":48,"column":13}},"7":{"start":{"line":39,"column":16},"end":{"line":42,"column":30}},"8":{"start":{"line":44,"column":16},"end":{"line":47,"column":27}},"9":{"start":{"line":51,"column":8},"end":{"line":53,"column":21}},"10":{"start":{"line":55,"column":8},"end":{"line":57,"column":45}},"11":{"start":{"line":59,"column":8},"end":{"line":59,"column":35}},"12":{"start":{"line":61,"column":4},"end":{"line":325,"column":5}},"13":{"start":{"line":69,"column":8},"end":{"line":121,"column":10},"skip":true},"14":{"start":{"line":70,"column":12},"end":{"line":88,"column":13},"skip":true},"15":{"start":{"line":76,"column":16},"end":{"line":87,"column":19},"skip":true},"16":{"start":{"line":79,"column":20},"end":{"line":86,"column":21},"skip":true},"17":{"start":{"line":82,"column":24},"end":{"line":82,"column":43},"skip":true},"18":{"start":{"line":83,"column":24},"end":{"line":83,"column":30},"skip":true},"19":{"start":{"line":85,"column":24},"end":{"line":85,"column":49},"skip":true},"20":{"start":{"line":89,"column":12},"end":{"line":107,"column":13},"skip":true},"21":{"start":{"line":92,"column":16},"end":{"line":102,"column":17},"skip":true},"22":{"start":{"line":93,"column":20},"end":{"line":93,"column":86},"skip":true},"23":{"start":{"line":94,"column":20},"end":{"line":95,"column":45},"skip":true},"24":{"start":{"line":96,"column":20},"end":{"line":96,"column":42},"skip":true},"25":{"start":{"line":97,"column":20},"end":{"line":97,"column":48},"skip":true},"26":{"start":{"line":100,"column":20},"end":{"line":100,"column":85},"skip":true},"27":{"start":{"line":101,"column":20},"end":{"line":101,"column":96},"skip":true},"28":{"start":{"line":103,"column":16},"end":{"line":103,"column":22},"skip":true},"29":{"start":{"line":106,"column":16},"end":{"line":106,"column":22},"skip":true},"30":{"start":{"line":108,"column":12},"end":{"line":120,"column":13},"skip":true},"31":{"start":{"line":114,"column":16},"end":{"line":119,"column":17},"skip":true},"32":{"start":{"line":116,"column":20},"end":{"line":116,"column":78},"skip":true},"33":{"start":{"line":118,"column":20},"end":{"line":118,"column":47},"skip":true},"34":{"start":{"line":123,"column":8},"end":{"line":141,"column":11},"skip":true},"35":{"start":{"line":124,"column":12},"end":{"line":124,"column":54},"skip":true},"36":{"start":{"line":125,"column":12},"end":{"line":140,"column":14},"skip":true},"37":{"start":{"line":126,"column":16},"end":{"line":126,"column":28},"skip":true},"38":{"start":{"line":127,"column":16},"end":{"line":127,"column":69},"skip":true},"39":{"start":{"line":128,"column":16},"end":{"line":128,"column":75},"skip":true},"40":{"start":{"line":129,"column":16},"end":{"line":131,"column":17},"skip":true},"41":{"start":{"line":130,"column":20},"end":{"line":130,"column":27},"skip":true},"42":{"start":{"line":133,"column":16},"end":{"line":137,"column":36},"skip":true},"43":{"start":{"line":134,"column":20},"end":{"line":136,"column":55},"skip":true},"44":{"start":{"line":139,"column":16},"end":{"line":139,"column":57},"skip":true},"45":{"start":{"line":143,"column":8},"end":{"line":147,"column":11},"skip":true},"46":{"start":{"line":144,"column":12},"end":{"line":146,"column":15},"skip":true},"47":{"start":{"line":145,"column":16},"end":{"line":145,"column":70},"skip":true},"48":{"start":{"line":149,"column":8},"end":{"line":149,"column":31},"skip":true},"49":{"start":{"line":150,"column":8},"end":{"line":150,"column":14},"skip":true},"50":{"start":{"line":158,"column":8},"end":{"line":158,"column":31},"skip":true},"51":{"start":{"line":160,"column":8},"end":{"line":160,"column":33},"skip":true},"52":{"start":{"line":161,"column":8},"end":{"line":161,"column":37},"skip":true},"53":{"start":{"line":162,"column":8},"end":{"line":162,"column":35},"skip":true},"54":{"start":{"line":164,"column":8},"end":{"line":164,"column":50},"skip":true},"55":{"start":{"line":166,"column":8},"end":{"line":256,"column":2},"skip":true},"56":{"start":{"line":258,"column":8},"end":{"line":286,"column":9},"skip":true},"57":{"start":{"line":259,"column":12},"end":{"line":269,"column":14},"skip":true},"58":{"start":{"line":271,"column":12},"end":{"line":285,"column":19},"skip":true},"59":{"start":{"line":274,"column":20},"end":{"line":274,"column":35},"skip":true},"60":{"start":{"line":275,"column":20},"end":{"line":284,"column":21},"skip":true},"61":{"start":{"line":277,"column":24},"end":{"line":277,"column":64},"skip":true},"62":{"start":{"line":279,"column":24},"end":{"line":279,"column":40},"skip":true},"63":{"start":{"line":281,"column":24},"end":{"line":281,"column":40},"skip":true},"64":{"start":{"line":283,"column":24},"end":{"line":283,"column":39},"skip":true},"65":{"start":{"line":288,"column":8},"end":{"line":290,"column":9},"skip":true},"66":{"start":{"line":289,"column":12},"end":{"line":289,"column":18},"skip":true},"67":{"start":{"line":291,"column":8},"end":{"line":293,"column":54},"skip":true},"68":{"start":{"line":296,"column":8},"end":{"line":301,"column":37},"skip":true},"69":{"start":{"line":303,"column":8},"end":{"line":303,"column":82},"skip":true},"70":{"start":{"line":306,"column":8},"end":{"line":308,"column":9},"skip":true},"71":{"start":{"line":307,"column":12},"end":{"line":307,"column":82},"skip":true},"72":{"start":{"line":310,"column":8},"end":{"line":312,"column":9},"skip":true},"73":{"start":{"line":311,"column":12},"end":{"line":311,"column":18},"skip":true},"74":{"start":{"line":313,"column":8},"end":{"line":313,"column":54},"skip":true},"75":{"start":{"line":314,"column":8},"end":{"line":314,"column":69},"skip":true},"76":{"start":{"line":315,"column":8},"end":{"line":323,"column":36},"skip":true},"77":{"start":{"line":316,"column":12},"end":{"line":316,"column":61},"skip":true},"78":{"start":{"line":317,"column":12},"end":{"line":320,"column":13},"skip":true},"79":{"start":{"line":318,"column":16},"end":{"line":318,"column":75},"skip":true},"80":{"start":{"line":319,"column":16},"end":{"line":319,"column":23},"skip":true},"81":{"start":{"line":321,"column":12},"end":{"line":321,"column":38},"skip":true},"82":{"start":{"line":322,"column":12},"end":{"line":322,"column":27},"skip":true},"83":{"start":{"line":324,"column":8},"end":{"line":324,"column":14},"skip":true}},"branchMap":{"1":{"line":39,"type":"binary-expr","locations":[{"start":{"line":39,"column":23},"end":{"line":39,"column":62}},{"start":{"line":40,"column":20},"end":{"line":40,"column":70}},{"start":{"line":41,"column":20},"end":{"line":41,"column":71}},{"start":{"line":42,"column":20},"end":{"line":42,"column":29}}]},"2":{"line":44,"type":"binary-expr","locations":[{"start":{"line":44,"column":23},"end":{"line":44,"column":37}},{"start":{"line":45,"column":20},"end":{"line":45,"column":61}},{"start":{"line":46,"column":20},"end":{"line":46,"column":70}},{"start":{"line":47,"column":20},"end":{"line":47,"column":26}}]},"3":{"line":51,"type":"cond-expr","locations":[{"start":{"line":52,"column":14},"end":{"line":52,"column":20}},{"start":{"line":53,"column":14},"end":{"line":53,"column":20}}]},"4":{"line":55,"type":"binary-expr","locations":[{"start":{"line":55,"column":16},"end":{"line":55,"column":44}},{"start":{"line":55,"column":49},"end":{"line":57,"column":43}}]},"5":{"line":55,"type":"cond-expr","locations":[{"start":{"line":56,"column":14},"end":{"line":56,"column":55}},{"start":{"line":57,"column":14},"end":{"line":57,"column":43}}]},"6":{"line":61,"type":"switch","locations":[{"start":{"line":68,"column":4},"end":{"line":150,"column":14},"skip":true},{"start":{"line":156,"column":4},"end":{"line":324,"column":14},"skip":true}]},"7":{"line":70,"type":"if","locations":[{"start":{"line":70,"column":12},"end":{"line":70,"column":12},"skip":true},{"start":{"line":70,"column":12},"end":{"line":70,"column":12},"skip":true}]},"8":{"line":70,"type":"binary-expr","locations":[{"start":{"line":70,"column":16},"end":{"line":70,"column":22},"skip":true},{"start":{"line":70,"column":27},"end":{"line":70,"column":32},"skip":true},{"start":{"line":71,"column":20},"end":{"line":71,"column":39},"skip":true},{"start":{"line":72,"column":20},"end":{"line":72,"column":49},"skip":true},{"start":{"line":73,"column":20},"end":{"line":73,"column":58},"skip":true},{"start":{"line":74,"column":20},"end":{"line":74,"column":69},"skip":true}]},"9":{"line":79,"type":"switch","locations":[{"start":{"line":80,"column":20},"end":{"line":80,"column":33},"skip":true},{"start":{"line":81,"column":20},"end":{"line":83,"column":30},"skip":true},{"start":{"line":84,"column":20},"end":{"line":85,"column":49},"skip":true}]},"10":{"line":89,"type":"switch","locations":[{"start":{"line":90,"column":12},"end":{"line":103,"column":22},"skip":true},{"start":{"line":105,"column":12},"end":{"line":106,"column":22},"skip":true}]},"11":{"line":89,"type":"binary-expr","locations":[{"start":{"line":89,"column":20},"end":{"line":89,"column":25},"skip":true},{"start":{"line":89,"column":29},"end":{"line":89,"column":48},"skip":true},{"start":{"line":89,"column":52},"end":{"line":89,"column":74},"skip":true}]},"12":{"line":92,"type":"if","locations":[{"start":{"line":92,"column":16},"end":{"line":92,"column":16},"skip":true},{"start":{"line":92,"column":16},"end":{"line":92,"column":16},"skip":true}]},"13":{"line":108,"type":"if","locations":[{"start":{"line":108,"column":12},"end":{"line":108,"column":12},"skip":true},{"start":{"line":108,"column":12},"end":{"line":108,"column":12},"skip":true}]},"14":{"line":108,"type":"binary-expr","locations":[{"start":{"line":108,"column":16},"end":{"line":108,"column":61},"skip":true},{"start":{"line":108,"column":66},"end":{"line":108,"column":72},"skip":true},{"start":{"line":108,"column":77},"end":{"line":108,"column":82},"skip":true},{"start":{"line":109,"column":20},"end":{"line":109,"column":39},"skip":true},{"start":{"line":110,"column":20},"end":{"line":110,"column":49},"skip":true},{"start":{"line":111,"column":20},"end":{"line":111,"column":58},"skip":true},{"start":{"line":112,"column":20},"end":{"line":112,"column":68},"skip":true}]},"15":{"line":129,"type":"if","locations":[{"start":{"line":129,"column":16},"end":{"line":129,"column":16},"skip":true},{"start":{"line":129,"column":16},"end":{"line":129,"column":16},"skip":true}]},"16":{"line":134,"type":"cond-expr","locations":[{"start":{"line":135,"column":26},"end":{"line":135,"column":29},"skip":true},{"start":{"line":136,"column":26},"end":{"line":136,"column":54},"skip":true}]},"17":{"line":164,"type":"binary-expr","locations":[{"start":{"line":164,"column":27},"end":{"line":164,"column":43},"skip":true},{"start":{"line":164,"column":47},"end":{"line":164,"column":49},"skip":true}]},"18":{"line":258,"type":"if","locations":[{"start":{"line":258,"column":8},"end":{"line":258,"column":8},"skip":true},{"start":{"line":258,"column":8},"end":{"line":258,"column":8},"skip":true}]},"19":{"line":275,"type":"switch","locations":[{"start":{"line":276,"column":20},"end":{"line":277,"column":64},"skip":true},{"start":{"line":278,"column":20},"end":{"line":279,"column":40},"skip":true},{"start":{"line":280,"column":20},"end":{"line":281,"column":40},"skip":true},{"start":{"line":282,"column":20},"end":{"line":283,"column":39},"skip":true}]},"20":{"line":288,"type":"if","locations":[{"start":{"line":288,"column":8},"end":{"line":288,"column":8},"skip":true},{"start":{"line":288,"column":8},"end":{"line":288,"column":8},"skip":true}]},"21":{"line":288,"type":"binary-expr","locations":[{"start":{"line":288,"column":12},"end":{"line":288,"column":40},"skip":true},{"start":{"line":288,"column":44},"end":{"line":288,"column":67},"skip":true}]},"22":{"line":292,"type":"binary-expr","locations":[{"start":{"line":292,"column":12},"end":{"line":292,"column":50},"skip":true},{"start":{"line":293,"column":12},"end":{"line":293,"column":53},"skip":true}]},"23":{"line":297,"type":"binary-expr","locations":[{"start":{"line":297,"column":12},"end":{"line":297,"column":69},"skip":true},{"start":{"line":298,"column":12},"end":{"line":301,"column":36},"skip":true}]},"24":{"line":303,"type":"binary-expr","locations":[{"start":{"line":303,"column":43},"end":{"line":303,"column":75},"skip":true},{"start":{"line":303,"column":79},"end":{"line":303,"column":81},"skip":true}]},"25":{"line":306,"type":"if","locations":[{"start":{"line":306,"column":8},"end":{"line":306,"column":8},"skip":true},{"start":{"line":306,"column":8},"end":{"line":306,"column":8},"skip":true}]},"26":{"line":310,"type":"if","locations":[{"start":{"line":310,"column":8},"end":{"line":310,"column":8},"skip":true},{"start":{"line":310,"column":8},"end":{"line":310,"column":8},"skip":true}]},"27":{"line":313,"type":"binary-expr","locations":[{"start":{"line":313,"column":27},"end":{"line":313,"column":43},"skip":true},{"start":{"line":313,"column":47},"end":{"line":313,"column":53},"skip":true}]},"28":{"line":317,"type":"if","locations":[{"start":{"line":317,"column":12},"end":{"line":317,"column":12},"skip":true},{"start":{"line":317,"column":12},"end":{"line":317,"column":12},"skip":true}]}},"code":["/*","example.js","","quickstart example","","instruction","    1. save this script as example.js","    2. run the shell command:","        $ npm install npmtest-npm-upgrade && PORT=8081 node example.js","    3. play with the browser-demo on http://127.0.0.1:8081","*/","","","","/* istanbul instrument in package npmtest_npm_upgrade */","/*jslint","    bitwise: true,","    browser: true,","    maxerr: 8,","    maxlen: 96,","    node: true,","    nomen: true,","    regexp: true,","    stupid: true","*/","(function () {","    'use strict';","    var local;","","","","    // run shared js-env code - pre-init","    (function () {","        // init local","        local = {};","        // init modeJs","        local.modeJs = (function () {","            try {","                return typeof navigator.userAgent === 'string' &&","                    typeof document.querySelector('body') === 'object' &&","                    typeof XMLHttpRequest.prototype.open === 'function' &&","                    'browser';","            } catch (errorCaughtBrowser) {","                return module.exports &&","                    typeof process.versions.node === 'string' &&","                    typeof require('http').createServer === 'function' &&","                    'node';","            }","        }());","        // init global","        local.global = local.modeJs === 'browser'","            ? window","            : global;","        // init utility2_rollup","        local = local.global.utility2_rollup || (local.modeJs === 'browser'","            ? local.global.utility2_npmtest_npm_upgrade","            : global.utility2_moduleExports);","        // export local","        local.global.local = local;","    }());","    switch (local.modeJs) {","","","","    // post-init","    // run browser js-env code - post-init","    /* istanbul ignore next */","    case 'browser':","        local.testRunBrowser = function (event) {","            if (!event || (event &&","                    event.currentTarget &&","                    event.currentTarget.className &&","                    event.currentTarget.className.includes &&","                    event.currentTarget.className.includes('onreset'))) {","                // reset output","                Array.from(","                    document.querySelectorAll('body > .resettable')","                ).forEach(function (element) {","                    switch (element.tagName) {","                    case 'INPUT':","                    case 'TEXTAREA':","                        element.value = '';","                        break;","                    default:","                        element.textContent = '';","                    }","                });","            }","            switch (event && event.currentTarget && event.currentTarget.id) {","            case 'testRunButton1':","                // show tests","                if (document.querySelector('#testReportDiv1').style.display === 'none') {","                    document.querySelector('#testReportDiv1').style.display = 'block';","                    document.querySelector('#testRunButton1').textContent =","                        'hide internal test';","                    local.modeTest = true;","                    local.testRunDefault(local);","                // hide tests","                } else {","                    document.querySelector('#testReportDiv1').style.display = 'none';","                    document.querySelector('#testRunButton1').textContent = 'run internal test';","                }","                break;","            // custom-case","            default:","                break;","            }","            if (document.querySelector('#inputTextareaEval1') && (!event || (event &&","                    event.currentTarget &&","                    event.currentTarget.className &&","                    event.currentTarget.className.includes &&","                    event.currentTarget.className.includes('oneval')))) {","                // try to eval input-code","                try {","                    /*jslint evil: true*/","                    eval(document.querySelector('#inputTextareaEval1').value);","                } catch (errorCaught) {","                    console.error(errorCaught);","                }","            }","        };","        // log stderr and stdout to #outputTextareaStdout1","        ['error', 'log'].forEach(function (key) {","            console[key + '_original'] = console[key];","            console[key] = function () {","                var element;","                console[key + '_original'].apply(console, arguments);","                element = document.querySelector('#outputTextareaStdout1');","                if (!element) {","                    return;","                }","                // append text to #outputTextareaStdout1","                element.value += Array.from(arguments).map(function (arg) {","                    return typeof arg === 'string'","                        ? arg","                        : JSON.stringify(arg, null, 4);","                }).join(' ') + '\\n';","                // scroll textarea to bottom","                element.scrollTop = element.scrollHeight;","            };","        });","        // init event-handling","        ['change', 'click', 'keyup'].forEach(function (event) {","            Array.from(document.querySelectorAll('.on' + event)).forEach(function (element) {","                element.addEventListener(event, local.testRunBrowser);","            });","        });","        // run tests","        local.testRunBrowser();","        break;","","","","    // run node js-env code - post-init","    /* istanbul ignore next */","    case 'node':","        // export local","        module.exports = local;","        // require modules","        local.fs = require('fs');","        local.http = require('http');","        local.url = require('url');","        // init assets","        local.assetsDict = local.assetsDict || {};","        /* jslint-ignore-begin */","        local.assetsDict['/assets.index.template.html'] = '\\","<!doctype html>\\n\\","<html lang=\"en\">\\n\\","<head>\\n\\","<meta charset=\"UTF-8\">\\n\\","<meta name=\"viewport\" content=\"width=device-width, initial-scale=1\">\\n\\","<title>{{env.npm_package_name}} (v{{env.npm_package_version}})</title>\\n\\","<style>\\n\\","/*csslint\\n\\","    box-sizing: false,\\n\\","    universal-selector: false\\n\\","*/\\n\\","* {\\n\\","    box-sizing: border-box;\\n\\","}\\n\\","body {\\n\\","    background: #dde;\\n\\","    font-family: Arial, Helvetica, sans-serif;\\n\\","    margin: 2rem;\\n\\","}\\n\\","body > * {\\n\\","    margin-bottom: 1rem;\\n\\","}\\n\\",".utility2FooterDiv {\\n\\","    margin-top: 20px;\\n\\","    text-align: center;\\n\\","}\\n\\","</style>\\n\\","<style>\\n\\","/*csslint\\n\\","*/\\n\\","textarea {\\n\\","    font-family: monospace;\\n\\","    height: 10rem;\\n\\","    width: 100%;\\n\\","}\\n\\","textarea[readonly] {\\n\\","    background: #ddd;\\n\\","}\\n\\","</style>\\n\\","</head>\\n\\","<body>\\n\\","<!-- utility2-comment\\n\\","<div id=\"ajaxProgressDiv1\" style=\"background: #d00; height: 2px; left: 0; margin: 0; padding: 0; position: fixed; top: 0; transition: background 0.5s, width 1.5s; width: 25%;\"></div>\\n\\","utility2-comment -->\\n\\","<h1>\\n\\","<!-- utility2-comment\\n\\","    <a\\n\\","        {{#if env.npm_package_homepage}}\\n\\","        href=\"{{env.npm_package_homepage}}\"\\n\\","        {{/if env.npm_package_homepage}}\\n\\","        target=\"_blank\"\\n\\","    >\\n\\","utility2-comment -->\\n\\","        {{env.npm_package_name}} (v{{env.npm_package_version}})\\n\\","<!-- utility2-comment\\n\\","    </a>\\n\\","utility2-comment -->\\n\\","</h1>\\n\\","<h3>{{env.npm_package_description}}</h3>\\n\\","<!-- utility2-comment\\n\\","<h4><a download href=\"assets.app.js\">download standalone app</a></h4>\\n\\","<button class=\"onclick onreset\" id=\"testRunButton1\">run internal test</button><br>\\n\\","<div id=\"testReportDiv1\" style=\"display: none;\"></div>\\n\\","utility2-comment -->\\n\\","\\n\\","\\n\\","\\n\\","<label>stderr and stdout</label>\\n\\","<textarea class=\"resettable\" id=\"outputTextareaStdout1\" readonly></textarea>\\n\\","<!-- utility2-comment\\n\\","{{#if isRollup}}\\n\\","<script src=\"assets.app.js\"></script>\\n\\","{{#unless isRollup}}\\n\\","utility2-comment -->\\n\\","<script src=\"assets.utility2.rollup.js\"></script>\\n\\","<script src=\"jsonp.utility2._stateInit?callback=window.utility2._stateInit\"></script>\\n\\","<script src=\"assets.npmtest_npm_upgrade.rollup.js\"></script>\\n\\","<script src=\"assets.example.js\"></script>\\n\\","<script src=\"assets.test.js\"></script>\\n\\","<!-- utility2-comment\\n\\","{{/if isRollup}}\\n\\","utility2-comment -->\\n\\","<div class=\"utility2FooterDiv\">\\n\\","    [ this app was created with\\n\\","    <a href=\"https://github.com/kaizhu256/node-utility2\" target=\"_blank\">utility2</a>\\n\\","    ]\\n\\","</div>\\n\\","</body>\\n\\","</html>\\n\\","';","        /* jslint-ignore-end */","        if (local.templateRender) {","            local.assetsDict['/'] = local.templateRender(","                local.assetsDict['/assets.index.template.html'],","                {","                    env: local.objectSetDefault(local.env, {","                        npm_package_description: 'the greatest app in the world!',","                        npm_package_name: 'my-app',","                        npm_package_nameAlias: 'my_app',","                        npm_package_version: '0.0.1'","                    })","                }","            );","        } else {","            local.assetsDict['/'] = local.assetsDict['/assets.index.template.html']","                .replace((/\\{\\{env\\.(\\w+?)\\}\\}/g), function (match0, match1) {","                    // jslint-hack","                    String(match0);","                    switch (match1) {","                    case 'npm_package_description':","                        return 'the greatest app in the world!';","                    case 'npm_package_name':","                        return 'my-app';","                    case 'npm_package_nameAlias':","                        return 'my_app';","                    case 'npm_package_version':","                        return '0.0.1';","                    }","                });","        }","        // run the cli","        if (local.global.utility2_rollup || module !== require.main) {","            break;","        }","        local.assetsDict['/assets.example.js'] =","            local.assetsDict['/assets.example.js'] ||","            local.fs.readFileSync(__filename, 'utf8');","        // bug-workaround - long $npm_package_buildCustomOrg","        /* jslint-ignore-begin */","        local.assetsDict['/assets.npmtest_npm_upgrade.rollup.js'] =","            local.assetsDict['/assets.npmtest_npm_upgrade.rollup.js'] ||","            local.fs.readFileSync(","                local.npmtest_npm_upgrade.__dirname + '/lib.npmtest_npm_upgrade.js',","                'utf8'","            ).replace((/^#!/), '//');","        /* jslint-ignore-end */","        local.assetsDict['/favicon.ico'] = local.assetsDict['/favicon.ico'] || '';","        // if $npm_config_timeout_exit exists,","        // then exit this process after $npm_config_timeout_exit ms","        if (Number(process.env.npm_config_timeout_exit)) {","            setTimeout(process.exit, Number(process.env.npm_config_timeout_exit));","        }","        // start server","        if (local.global.utility2_serverHttp1) {","            break;","        }","        process.env.PORT = process.env.PORT || '8081';","        console.error('server starting on port ' + process.env.PORT);","        local.http.createServer(function (request, response) {","            request.urlParsed = local.url.parse(request.url);","            if (local.assetsDict[request.urlParsed.pathname] !== undefined) {","                response.end(local.assetsDict[request.urlParsed.pathname]);","                return;","            }","            response.statusCode = 404;","            response.end();","        }).listen(process.env.PORT);","        break;","    }","}());",""],"l":{"26":2,"28":2,"33":2,"35":2,"37":2,"38":2,"39":2,"44":1,"51":2,"55":2,"59":2,"61":2,"69":1,"70":2,"76":2,"79":2,"82":2,"83":2,"85":1,"89":2,"92":1,"93":1,"94":1,"96":1,"97":1,"100":1,"101":1,"103":1,"106":1,"108":2,"114":1,"116":1,"118":1,"123":1,"124":2,"125":2,"126":3,"127":3,"128":3,"129":3,"130":1,"133":3,"134":3,"139":3,"143":1,"144":3,"145":1,"149":1,"150":1,"158":1,"160":1,"161":1,"162":1,"164":1,"166":1,"258":1,"259":1,"271":1,"274":6,"275":6,"277":1,"279":2,"281":1,"283":2,"288":1,"289":1,"291":1,"296":1,"303":1,"306":1,"307":1,"310":1,"311":1,"313":1,"314":1,"315":1,"316":1,"317":1,"318":1,"319":1,"321":1,"322":1,"324":1}},"/home/travis/build/npmtest/node-npmtest-npm-upgrade/node_modules/npm-upgrade/lib/bin/cli.js":{"path":"/home/travis/build/npmtest/node-npmtest-npm-upgrade/node_modules/npm-upgrade/lib/bin/cli.js","s":{"1":4,"2":4,"3":1,"4":4,"5":4},"b":{"1":[0,4],"2":[4,4]},"f":{"1":4},"fnMap":{"1":{"name":"_interopRequireDefault","line":8,"loc":{"start":{"line":8,"column":0},"end":{"line":8,"column":37}}}},"statementMap":{"1":{"start":{"line":4,"column":0},"end":{"line":4,"column":30}},"2":{"start":{"line":6,"column":0},"end":{"line":6,"column":45}},"3":{"start":{"line":8,"column":0},"end":{"line":8,"column":95}},"4":{"start":{"line":8,"column":39},"end":{"line":8,"column":93}},"5":{"start":{"line":10,"column":0},"end":{"line":10,"column":89}}},"branchMap":{"1":{"line":8,"type":"cond-expr","locations":[{"start":{"line":8,"column":70},"end":{"line":8,"column":73}},{"start":{"line":8,"column":76},"end":{"line":8,"column":92}}]},"2":{"line":8,"type":"binary-expr","locations":[{"start":{"line":8,"column":46},"end":{"line":8,"column":49}},{"start":{"line":8,"column":53},"end":{"line":8,"column":67}}]}},"code":["//#! /usr/bin/env node","'use strict';","","var _yargs = require('yargs');","","var _yargs2 = _interopRequireDefault(_yargs);","","function _interopRequireDefault(obj) { return obj && obj.__esModule ? obj : { default: obj }; }","","_yargs2.default.commandDir('../commands').demandCommand().strict().version().help().argv;"],"l":{"4":4,"6":4,"8":4,"10":4}},"/home/travis/build/npmtest/node-npmtest-npm-upgrade/node_modules/npm-upgrade/lib/commands/check.js":{"path":"/home/travis/build/npmtest/node-npmtest-npm-upgrade/node_modules/npm-upgrade/lib/commands/check.js","s":{"1":6,"2":6,"3":6,"4":6,"5":6,"6":6,"7":6,"8":6,"9":6,"10":6,"11":6,"12":6,"13":6,"14":6,"15":6,"16":6,"17":6,"18":0,"19":0,"20":0,"21":0,"22":0,"23":0,"24":0,"25":0,"26":0,"27":0,"28":0,"29":0,"30":0,"31":0,"32":0,"33":0,"34":0,"35":1,"36":0,"37":0,"38":0,"39":0,"40":0,"41":0,"42":0,"43":0,"44":0,"45":1,"46":36,"47":0,"48":0,"49":0,"50":1,"51":0,"52":0,"53":0,"54":0,"55":0,"56":0,"57":0,"58":0,"59":1,"60":0,"61":0,"62":0,"63":0,"64":0,"65":0,"66":0,"67":0,"68":0,"69":0,"70":0,"71":0,"72":0,"73":0,"74":0,"75":0,"76":0,"77":0,"78":0,"79":0,"80":0,"81":0,"82":0,"83":0,"84":0,"85":0,"86":0,"87":0,"88":0,"89":0,"90":0,"91":0,"92":0,"93":0,"94":0,"95":0,"96":0,"97":0,"98":0,"99":0,"100":0,"101":0,"102":0,"103":0,"104":0,"105":0,"106":0,"107":0,"108":0,"109":0,"110":0,"111":0,"112":0,"113":0,"114":0,"115":0,"116":0,"117":0,"118":0,"119":0,"120":0,"121":0,"122":0,"123":0,"124":0,"125":0,"126":0,"127":0,"128":0,"129":0,"130":0,"131":0,"132":0,"133":0,"134":0,"135":0,"136":0,"137":0,"138":0,"139":0,"140":0,"141":0,"142":0,"143":0,"144":0,"145":0,"146":0,"147":0,"148":0,"149":0,"150":0,"151":0,"152":0,"153":0,"154":0,"155":0,"156":0,"157":0,"158":0,"159":0,"160":0,"161":0,"162":0,"163":0,"164":0,"165":0,"166":0,"167":0,"168":0,"169":0,"170":0,"171":0,"172":0,"173":0,"174":0,"175":0,"176":0,"177":0,"178":0,"179":0,"180":0,"181":0,"182":0,"183":0,"184":0,"185":0,"186":0,"187":0,"188":0},"b":{"1":[0,0],"2":[0,0],"3":[0,0],"4":[0,0],"5":[12,24],"6":[36,36],"7":[0,0,0,0,0,0,0,0,0,0,0,0,0,0,0,0,0,0,0,0,0,0],"8":[0,0],"9":[0,0],"10":[0,0],"11":[0,0],"12":[0,0],"13":[0,0],"14":[0,0],"15":[0,0],"16":[0,0],"17":[0,0],"18":[0,0],"19":[0,0],"20":[0,0,0],"21":[0,0],"22":[0,0],"23":[0,0],"24":[0,0],"25":[0,0],"26":[0,0],"27":[0,0],"28":[0,0],"29":[0,0],"30":[0,0],"31":[0,0],"32":[0,0],"33":[0,0]},"f":{"1":0,"2":36,"3":0,"4":0,"5":0,"6":0,"7":0,"8":0,"9":0,"10":0,"11":0,"12":0,"13":0,"14":0,"15":0,"16":0,"17":0,"18":0,"19":0},"fnMap":{"1":{"name":"_interopRequireWildcard","line":70,"loc":{"start":{"line":70,"column":0},"end":{"line":70,"column":38}}},"2":{"name":"_interopRequireDefault","line":72,"loc":{"start":{"line":72,"column":0},"end":{"line":72,"column":37}}},"3":{"name":"createUpdatedModulesTable","line":79,"loc":{"start":{"line":79,"column":0},"end":{"line":79,"column":44}}},"4":{"name":"(anonymous_4)","line":80,"loc":{"start":{"line":80,"column":72},"end":{"line":80,"column":88}}},"5":{"name":"(anonymous_5)","line":92,"loc":{"start":{"line":92,"column":54},"end":{"line":92,"column":71}}},"6":{"name":"builder","line":96,"loc":{"start":{"line":96,"column":0},"end":{"line":96,"column":24}}},"7":{"name":"(anonymous_7)","line":97,"loc":{"start":{"line":97,"column":25},"end":{"line":97,"column":42}}},"8":{"name":"(anonymous_8)","line":108,"loc":{"start":{"line":108,"column":63},"end":{"line":108,"column":75}}},"9":{"name":"_callee","line":109,"loc":{"start":{"line":109,"column":73},"end":{"line":109,"column":96}}},"10":{"name":"_callee$","line":112,"loc":{"start":{"line":112,"column":38},"end":{"line":112,"column":66}}},"11":{"name":"(anonymous_11)","line":123,"loc":{"start":{"line":123,"column":55},"end":{"line":123,"column":72}}},"12":{"name":"(anonymous_12)","line":127,"loc":{"start":{"line":127,"column":52},"end":{"line":127,"column":69}}},"13":{"name":"(anonymous_13)","line":140,"loc":{"start":{"line":140,"column":72},"end":{"line":140,"column":89}}},"14":{"name":"(anonymous_14)","line":169,"loc":{"start":{"line":169,"column":73},"end":{"line":169,"column":107}}},"15":{"name":"(anonymous_15)","line":188,"loc":{"start":{"line":188,"column":80},"end":{"line":188,"column":114}}},"16":{"name":"(anonymous_16)","line":194,"loc":{"start":{"line":194,"column":25},"end":{"line":194,"column":43}}},"17":{"name":"(anonymous_17)","line":207,"loc":{"start":{"line":207,"column":58},"end":{"line":207,"column":75}}},"18":{"name":"(anonymous_18)","line":216,"loc":{"start":{"line":216,"column":102},"end":{"line":216,"column":120}}},"19":{"name":"(anonymous_19)","line":379,"loc":{"start":{"line":379,"column":9},"end":{"line":379,"column":23}}}},"statementMap":{"1":{"start":{"line":3,"column":0},"end":{"line":3,"column":26}},"2":{"start":{"line":4,"column":0},"end":{"line":4,"column":83}},"3":{"start":{"line":6,"column":0},"end":{"line":6,"column":56}},"4":{"start":{"line":8,"column":0},"end":{"line":8,"column":57}},"5":{"start":{"line":10,"column":0},"end":{"line":10,"column":65}},"6":{"start":{"line":12,"column":0},"end":{"line":12,"column":53}},"7":{"start":{"line":14,"column":0},"end":{"line":14,"column":75}},"8":{"start":{"line":16,"column":0},"end":{"line":16,"column":68}},"9":{"start":{"line":18,"column":0},"end":{"line":18,"column":26}},"10":{"start":{"line":20,"column":0},"end":{"line":20,"column":24}},"11":{"start":{"line":22,"column":0},"end":{"line":22,"column":32}},"12":{"start":{"line":24,"column":0},"end":{"line":24,"column":47}},"13":{"start":{"line":26,"column":0},"end":{"line":26,"column":32}},"14":{"start":{"line":28,"column":0},"end":{"line":28,"column":47}},"15":{"start":{"line":30,"column":0},"end":{"line":30,"column":32}},"16":{"start":{"line":32,"column":0},"end":{"line":32,"column":47}},"17":{"start":{"line":34,"column":0},"end":{"line":34,"column":52}},"18":{"start":{"line":36,"column":0},"end":{"line":36,"column":65}},"19":{"start":{"line":38,"column":0},"end":{"line":38,"column":65}},"20":{"start":{"line":40,"column":0},"end":{"line":40,"column":53}},"21":{"start":{"line":42,"column":0},"end":{"line":42,"column":65}},"22":{"start":{"line":44,"column":0},"end":{"line":44,"column":45}},"23":{"start":{"line":46,"column":0},"end":{"line":46,"column":56}},"24":{"start":{"line":48,"column":0},"end":{"line":48,"column":45}},"25":{"start":{"line":50,"column":0},"end":{"line":50,"column":47}},"26":{"start":{"line":52,"column":0},"end":{"line":52,"column":51}},"27":{"start":{"line":54,"column":0},"end":{"line":54,"column":53}},"28":{"start":{"line":56,"column":0},"end":{"line":56,"column":39}},"29":{"start":{"line":58,"column":0},"end":{"line":58,"column":41}},"30":{"start":{"line":60,"column":0},"end":{"line":60,"column":37}},"31":{"start":{"line":62,"column":0},"end":{"line":62,"column":49}},"32":{"start":{"line":64,"column":0},"end":{"line":64,"column":34}},"33":{"start":{"line":66,"column":0},"end":{"line":66,"column":35}},"34":{"start":{"line":68,"column":0},"end":{"line":68,"column":47}},"35":{"start":{"line":70,"column":0},"end":{"line":70,"column":269}},"36":{"start":{"line":70,"column":40},"end":{"line":70,"column":267}},"37":{"start":{"line":70,"column":69},"end":{"line":70,"column":80}},"38":{"start":{"line":70,"column":90},"end":{"line":70,"column":106}},"39":{"start":{"line":70,"column":107},"end":{"line":70,"column":228}},"40":{"start":{"line":70,"column":126},"end":{"line":70,"column":226}},"41":{"start":{"line":70,"column":149},"end":{"line":70,"column":224}},"42":{"start":{"line":70,"column":201},"end":{"line":70,"column":224}},"43":{"start":{"line":70,"column":229},"end":{"line":70,"column":250}},"44":{"start":{"line":70,"column":251},"end":{"line":70,"column":265}},"45":{"start":{"line":72,"column":0},"end":{"line":72,"column":95}},"46":{"start":{"line":72,"column":39},"end":{"line":72,"column":93}},"47":{"start":{"line":74,"column":0},"end":{"line":74,"column":40}},"48":{"start":{"line":76,"column":0},"end":{"line":76,"column":101}},"49":{"start":{"line":77,"column":0},"end":{"line":77,"column":129}},"50":{"start":{"line":79,"column":0},"end":{"line":86,"column":1}},"51":{"start":{"line":80,"column":2},"end":{"line":85,"column":6}},"52":{"start":{"line":81,"column":4},"end":{"line":83,"column":21}},"53":{"start":{"line":84,"column":4},"end":{"line":84,"column":95}},"54":{"start":{"line":88,"column":0},"end":{"line":88,"column":49}},"55":{"start":{"line":89,"column":0},"end":{"line":89,"column":36}},"56":{"start":{"line":90,"column":0},"end":{"line":90,"column":63}},"57":{"start":{"line":92,"column":0},"end":{"line":94,"column":3}},"58":{"start":{"line":93,"column":2},"end":{"line":93,"column":25}},"59":{"start":{"line":96,"column":0},"end":{"line":106,"column":1}},"60":{"start":{"line":97,"column":2},"end":{"line":105,"column":5}},"61":{"start":{"line":98,"column":4},"end":{"line":99,"column":28}},"62":{"start":{"line":100,"column":4},"end":{"line":104,"column":7}},"63":{"start":{"line":108,"column":0},"end":{"line":382,"column":5}},"64":{"start":{"line":109,"column":2},"end":{"line":377,"column":6}},"65":{"start":{"line":110,"column":4},"end":{"line":110,"column":401}},"66":{"start":{"line":112,"column":4},"end":{"line":376,"column":27}},"67":{"start":{"line":113,"column":6},"end":{"line":375,"column":7}},"68":{"start":{"line":114,"column":8},"end":{"line":374,"column":9}},"69":{"start":{"line":116,"column":12},"end":{"line":116,"column":33}},"70":{"start":{"line":119,"column":12},"end":{"line":119,"column":76}},"71":{"start":{"line":123,"column":12},"end":{"line":131,"column":13}},"72":{"start":{"line":124,"column":14},"end":{"line":124,"column":36}},"73":{"start":{"line":125,"column":14},"end":{"line":125,"column":42}},"74":{"start":{"line":127,"column":14},"end":{"line":130,"column":17}},"75":{"start":{"line":128,"column":16},"end":{"line":128,"column":38}},"76":{"start":{"line":129,"column":16},"end":{"line":129,"column":41}},"77":{"start":{"line":134,"column":12},"end":{"line":134,"column":145}},"78":{"start":{"line":138,"column":12},"end":{"line":138,"column":81}},"79":{"start":{"line":140,"column":12},"end":{"line":143,"column":15}},"80":{"start":{"line":141,"column":14},"end":{"line":141,"column":36}},"81":{"start":{"line":142,"column":14},"end":{"line":142,"column":34}},"82":{"start":{"line":144,"column":12},"end":{"line":144,"column":161}},"83":{"start":{"line":145,"column":12},"end":{"line":145,"column":92}},"84":{"start":{"line":148,"column":12},"end":{"line":148,"column":148}},"85":{"start":{"line":150,"column":12},"end":{"line":150,"column":31}},"86":{"start":{"line":151,"column":12},"end":{"line":151,"column":58}},"87":{"start":{"line":154,"column":12},"end":{"line":158,"column":15}},"88":{"start":{"line":159,"column":12},"end":{"line":159,"column":31}},"89":{"start":{"line":160,"column":12},"end":{"line":160,"column":109}},"90":{"start":{"line":163,"column":12},"end":{"line":163,"column":43}},"91":{"start":{"line":164,"column":12},"end":{"line":164,"column":110}},"92":{"start":{"line":166,"column":12},"end":{"line":166,"column":34}},"93":{"start":{"line":169,"column":12},"end":{"line":171,"column":15}},"94":{"start":{"line":170,"column":14},"end":{"line":170,"column":50}},"95":{"start":{"line":173,"column":12},"end":{"line":176,"column":13}},"96":{"start":{"line":174,"column":14},"end":{"line":174,"column":33}},"97":{"start":{"line":175,"column":14},"end":{"line":175,"column":20}},"98":{"start":{"line":178,"column":12},"end":{"line":178,"column":119}},"99":{"start":{"line":183,"column":12},"end":{"line":183,"column":44}},"100":{"start":{"line":185,"column":12},"end":{"line":185,"column":48}},"101":{"start":{"line":188,"column":12},"end":{"line":196,"column":112}},"102":{"start":{"line":189,"column":14},"end":{"line":193,"column":16}},"103":{"start":{"line":195,"column":14},"end":{"line":195,"column":166}},"104":{"start":{"line":200,"column":12},"end":{"line":204,"column":13}},"105":{"start":{"line":201,"column":14},"end":{"line":201,"column":91}},"106":{"start":{"line":203,"column":14},"end":{"line":203,"column":151}},"107":{"start":{"line":206,"column":12},"end":{"line":221,"column":13}},"108":{"start":{"line":207,"column":14},"end":{"line":212,"column":17}},"109":{"start":{"line":208,"column":16},"end":{"line":210,"column":34}},"110":{"start":{"line":211,"column":16},"end":{"line":211,"column":192}},"111":{"start":{"line":216,"column":14},"end":{"line":218,"column":18}},"112":{"start":{"line":217,"column":16},"end":{"line":217,"column":54}},"113":{"start":{"line":220,"column":14},"end":{"line":220,"column":122}},"114":{"start":{"line":223,"column":12},"end":{"line":223,"column":35}},"115":{"start":{"line":224,"column":12},"end":{"line":224,"column":37}},"116":{"start":{"line":227,"column":12},"end":{"line":230,"column":13}},"117":{"start":{"line":228,"column":14},"end":{"line":228,"column":33}},"118":{"start":{"line":229,"column":14},"end":{"line":229,"column":20}},"119":{"start":{"line":232,"column":12},"end":{"line":232,"column":53}},"120":{"start":{"line":233,"column":12},"end":{"line":233,"column":91}},"121":{"start":{"line":234,"column":12},"end":{"line":234,"column":91}},"122":{"start":{"line":238,"column":12},"end":{"line":238,"column":28}},"123":{"start":{"line":240,"column":12},"end":{"line":240,"column":31}},"124":{"start":{"line":241,"column":12},"end":{"line":251,"column":15}},"125":{"start":{"line":254,"column":12},"end":{"line":254,"column":35}},"126":{"start":{"line":255,"column":12},"end":{"line":255,"column":33}},"127":{"start":{"line":256,"column":12},"end":{"line":256,"column":192}},"128":{"start":{"line":257,"column":12},"end":{"line":257,"column":18}},"129":{"start":{"line":261,"column":12},"end":{"line":261,"column":52}},"130":{"start":{"line":263,"column":12},"end":{"line":266,"column":13}},"131":{"start":{"line":264,"column":14},"end":{"line":264,"column":33}},"132":{"start":{"line":265,"column":14},"end":{"line":265,"column":20}},"133":{"start":{"line":268,"column":12},"end":{"line":268,"column":59}},"134":{"start":{"line":269,"column":12},"end":{"line":269,"column":31}},"135":{"start":{"line":270,"column":12},"end":{"line":270,"column":103}},"136":{"start":{"line":273,"column":12},"end":{"line":273,"column":71}},"137":{"start":{"line":277,"column":12},"end":{"line":282,"column":13}},"138":{"start":{"line":278,"column":14},"end":{"line":278,"column":80}},"139":{"start":{"line":279,"column":14},"end":{"line":279,"column":50}},"140":{"start":{"line":281,"column":14},"end":{"line":281,"column":243}},"141":{"start":{"line":283,"column":12},"end":{"line":283,"column":48}},"142":{"start":{"line":287,"column":12},"end":{"line":287,"column":52}},"143":{"start":{"line":289,"column":12},"end":{"line":292,"column":13}},"144":{"start":{"line":290,"column":14},"end":{"line":290,"column":33}},"145":{"start":{"line":291,"column":14},"end":{"line":291,"column":20}},"146":{"start":{"line":294,"column":12},"end":{"line":294,"column":58}},"147":{"start":{"line":295,"column":12},"end":{"line":295,"column":58}},"148":{"start":{"line":296,"column":12},"end":{"line":296,"column":31}},"149":{"start":{"line":297,"column":12},"end":{"line":297,"column":58}},"150":{"start":{"line":300,"column":12},"end":{"line":300,"column":40}},"151":{"start":{"line":301,"column":12},"end":{"line":301,"column":79}},"152":{"start":{"line":305,"column":12},"end":{"line":310,"column":13}},"153":{"start":{"line":306,"column":14},"end":{"line":306,"column":76}},"154":{"start":{"line":307,"column":14},"end":{"line":307,"column":46}},"155":{"start":{"line":309,"column":14},"end":{"line":309,"column":126}},"156":{"start":{"line":311,"column":12},"end":{"line":311,"column":48}},"157":{"start":{"line":314,"column":12},"end":{"line":314,"column":31}},"158":{"start":{"line":315,"column":12},"end":{"line":315,"column":70}},"159":{"start":{"line":318,"column":12},"end":{"line":318,"column":34}},"160":{"start":{"line":319,"column":12},"end":{"line":319,"column":38}},"161":{"start":{"line":320,"column":12},"end":{"line":320,"column":34}},"162":{"start":{"line":322,"column":12},"end":{"line":322,"column":55}},"163":{"start":{"line":323,"column":12},"end":{"line":323,"column":48}},"164":{"start":{"line":326,"column":12},"end":{"line":326,"column":36}},"165":{"start":{"line":327,"column":12},"end":{"line":327,"column":48}},"166":{"start":{"line":330,"column":12},"end":{"line":330,"column":34}},"167":{"start":{"line":331,"column":12},"end":{"line":331,"column":71}},"168":{"start":{"line":332,"column":12},"end":{"line":332,"column":39}},"169":{"start":{"line":333,"column":12},"end":{"line":333,"column":48}},"170":{"start":{"line":336,"column":12},"end":{"line":336,"column":31}},"171":{"start":{"line":337,"column":12},"end":{"line":337,"column":18}},"172":{"start":{"line":342,"column":12},"end":{"line":342,"column":28}},"173":{"start":{"line":345,"column":12},"end":{"line":345,"column":26}},"174":{"start":{"line":347,"column":12},"end":{"line":350,"column":13}},"175":{"start":{"line":348,"column":14},"end":{"line":348,"column":33}},"176":{"start":{"line":349,"column":14},"end":{"line":349,"column":20}},"177":{"start":{"line":352,"column":12},"end":{"line":352,"column":45}},"178":{"start":{"line":353,"column":12},"end":{"line":353,"column":45}},"179":{"start":{"line":357,"column":12},"end":{"line":357,"column":73}},"180":{"start":{"line":358,"column":12},"end":{"line":358,"column":65}},"181":{"start":{"line":359,"column":12},"end":{"line":359,"column":31}},"182":{"start":{"line":360,"column":12},"end":{"line":360,"column":111}},"183":{"start":{"line":363,"column":12},"end":{"line":363,"column":52}},"184":{"start":{"line":366,"column":12},"end":{"line":369,"column":13}},"185":{"start":{"line":368,"column":14},"end":{"line":368,"column":70}},"186":{"start":{"line":373,"column":12},"end":{"line":373,"column":35}},"187":{"start":{"line":379,"column":2},"end":{"line":381,"column":4}},"188":{"start":{"line":380,"column":4},"end":{"line":380,"column":40}}},"branchMap":{"1":{"line":70,"type":"if","locations":[{"start":{"line":70,"column":40},"end":{"line":70,"column":40}},{"start":{"line":70,"column":40},"end":{"line":70,"column":40}}]},"2":{"line":70,"type":"binary-expr","locations":[{"start":{"line":70,"column":44},"end":{"line":70,"column":47}},{"start":{"line":70,"column":51},"end":{"line":70,"column":65}}]},"3":{"line":70,"type":"if","locations":[{"start":{"line":70,"column":107},"end":{"line":70,"column":107}},{"start":{"line":70,"column":107},"end":{"line":70,"column":107}}]},"4":{"line":70,"type":"if","locations":[{"start":{"line":70,"column":149},"end":{"line":70,"column":149}},{"start":{"line":70,"column":149},"end":{"line":70,"column":149}}]},"5":{"line":72,"type":"cond-expr","locations":[{"start":{"line":72,"column":70},"end":{"line":72,"column":73}},{"start":{"line":72,"column":76},"end":{"line":72,"column":92}}]},"6":{"line":72,"type":"binary-expr","locations":[{"start":{"line":72,"column":46},"end":{"line":72,"column":49}},{"start":{"line":72,"column":53},"end":{"line":72,"column":67}}]},"7":{"line":114,"type":"switch","locations":[{"start":{"line":115,"column":10},"end":{"line":151,"column":58}},{"start":{"line":153,"column":10},"end":{"line":160,"column":109}},{"start":{"line":162,"column":10},"end":{"line":178,"column":119}},{"start":{"line":180,"column":10},"end":{"line":224,"column":37}},{"start":{"line":226,"column":10},"end":{"line":251,"column":15}},{"start":{"line":253,"column":10},"end":{"line":257,"column":18}},{"start":{"line":259,"column":10},"end":{"line":270,"column":103}},{"start":{"line":272,"column":10},"end":{"line":273,"column":71}},{"start":{"line":275,"column":10},"end":{"line":283,"column":48}},{"start":{"line":285,"column":10},"end":{"line":297,"column":58}},{"start":{"line":299,"column":10},"end":{"line":301,"column":79}},{"start":{"line":303,"column":10},"end":{"line":311,"column":48}},{"start":{"line":313,"column":10},"end":{"line":315,"column":70}},{"start":{"line":317,"column":10},"end":{"line":323,"column":48}},{"start":{"line":325,"column":10},"end":{"line":327,"column":48}},{"start":{"line":329,"column":10},"end":{"line":333,"column":48}},{"start":{"line":335,"column":10},"end":{"line":337,"column":18}},{"start":{"line":339,"column":10},"end":{"line":353,"column":45}},{"start":{"line":355,"column":10},"end":{"line":360,"column":111}},{"start":{"line":362,"column":10},"end":{"line":369,"column":13}},{"start":{"line":371,"column":10},"end":{"line":371,"column":18}},{"start":{"line":372,"column":10},"end":{"line":373,"column":35}}]},"8":{"line":123,"type":"if","locations":[{"start":{"line":123,"column":12},"end":{"line":123,"column":12}},{"start":{"line":123,"column":12},"end":{"line":123,"column":12}}]},"9":{"line":144,"type":"cond-expr","locations":[{"start":{"line":144,"column":88},"end":{"line":144,"column":90}},{"start":{"line":144,"column":93},"end":{"line":144,"column":160}}]},"10":{"line":145,"type":"cond-expr","locations":[{"start":{"line":145,"column":36},"end":{"line":145,"column":86}},{"start":{"line":145,"column":89},"end":{"line":145,"column":91}}]},"11":{"line":173,"type":"if","locations":[{"start":{"line":173,"column":12},"end":{"line":173,"column":12}},{"start":{"line":173,"column":12},"end":{"line":173,"column":12}}]},"12":{"line":185,"type":"binary-expr","locations":[{"start":{"line":185,"column":28},"end":{"line":185,"column":41}},{"start":{"line":185,"column":45},"end":{"line":185,"column":47}}]},"13":{"line":195,"type":"binary-expr","locations":[{"start":{"line":195,"column":21},"end":{"line":195,"column":69}},{"start":{"line":195,"column":73},"end":{"line":195,"column":165}}]},"14":{"line":200,"type":"if","locations":[{"start":{"line":200,"column":12},"end":{"line":200,"column":12}},{"start":{"line":200,"column":12},"end":{"line":200,"column":12}}]},"15":{"line":206,"type":"if","locations":[{"start":{"line":206,"column":12},"end":{"line":206,"column":12}},{"start":{"line":206,"column":12},"end":{"line":206,"column":12}}]},"16":{"line":227,"type":"if","locations":[{"start":{"line":227,"column":12},"end":{"line":227,"column":12}},{"start":{"line":227,"column":12},"end":{"line":227,"column":12}}]},"17":{"line":227,"type":"binary-expr","locations":[{"start":{"line":227,"column":18},"end":{"line":227,"column":40}},{"start":{"line":227,"column":44},"end":{"line":227,"column":61}}]},"18":{"line":243,"type":"cond-expr","locations":[{"start":{"line":243,"column":55},"end":{"line":243,"column":58}},{"start":{"line":243,"column":61},"end":{"line":243,"column":68}}]},"19":{"line":246,"type":"binary-expr","locations":[{"start":{"line":246,"column":14},"end":{"line":246,"column":35}},{"start":{"line":246,"column":39},"end":{"line":246,"column":85}}]},"20":{"line":248,"type":"binary-expr","locations":[{"start":{"line":248,"column":14},"end":{"line":248,"column":35}},{"start":{"line":248,"column":39},"end":{"line":248,"column":56}},{"start":{"line":248,"column":60},"end":{"line":248,"column":104}}]},"21":{"line":250,"type":"cond-expr","locations":[{"start":{"line":250,"column":73},"end":{"line":250,"column":74}},{"start":{"line":250,"column":77},"end":{"line":250,"column":78}}]},"22":{"line":250,"type":"binary-expr","locations":[{"start":{"line":250,"column":23},"end":{"line":250,"column":44}},{"start":{"line":250,"column":48},"end":{"line":250,"column":70}}]},"23":{"line":256,"type":"cond-expr","locations":[{"start":{"line":256,"column":58},"end":{"line":256,"column":60}},{"start":{"line":256,"column":63},"end":{"line":256,"column":191}}]},"24":{"line":256,"type":"cond-expr","locations":[{"start":{"line":256,"column":92},"end":{"line":256,"column":94}},{"start":{"line":256,"column":97},"end":{"line":256,"column":191}}]},"25":{"line":256,"type":"cond-expr","locations":[{"start":{"line":256,"column":124},"end":{"line":256,"column":126}},{"start":{"line":256,"column":129},"end":{"line":256,"column":191}}]},"26":{"line":256,"type":"cond-expr","locations":[{"start":{"line":256,"column":156},"end":{"line":256,"column":158}},{"start":{"line":256,"column":161},"end":{"line":256,"column":191}}]},"27":{"line":256,"type":"cond-expr","locations":[{"start":{"line":256,"column":184},"end":{"line":256,"column":186}},{"start":{"line":256,"column":189},"end":{"line":256,"column":191}}]},"28":{"line":263,"type":"if","locations":[{"start":{"line":263,"column":12},"end":{"line":263,"column":12}},{"start":{"line":263,"column":12},"end":{"line":263,"column":12}}]},"29":{"line":277,"type":"if","locations":[{"start":{"line":277,"column":12},"end":{"line":277,"column":12}},{"start":{"line":277,"column":12},"end":{"line":277,"column":12}}]},"30":{"line":289,"type":"if","locations":[{"start":{"line":289,"column":12},"end":{"line":289,"column":12}},{"start":{"line":289,"column":12},"end":{"line":289,"column":12}}]},"31":{"line":305,"type":"if","locations":[{"start":{"line":305,"column":12},"end":{"line":305,"column":12}},{"start":{"line":305,"column":12},"end":{"line":305,"column":12}}]},"32":{"line":347,"type":"if","locations":[{"start":{"line":347,"column":12},"end":{"line":347,"column":12}},{"start":{"line":347,"column":12},"end":{"line":347,"column":12}}]},"33":{"line":366,"type":"if","locations":[{"start":{"line":366,"column":12},"end":{"line":366,"column":12}},{"start":{"line":366,"column":12},"end":{"line":366,"column":12}}]}},"code":["'use strict';","","exports.__esModule = true;","exports.handler = exports.describe = exports.aliases = exports.command = undefined;","","var _regenerator = require('babel-runtime/regenerator');","","var _regenerator2 = _interopRequireDefault(_regenerator);","","var _stringify = require('babel-runtime/core-js/json/stringify');","","var _stringify2 = _interopRequireDefault(_stringify);","","var _asyncToGenerator2 = require('babel-runtime/helpers/asyncToGenerator');","","var _asyncToGenerator3 = _interopRequireDefault(_asyncToGenerator2);","","exports.builder = builder;","","var _fs = require('fs');","","var _lodash = require('lodash');","","var _lodash2 = _interopRequireDefault(_lodash);","","var _opener = require('opener');","","var _opener2 = _interopRequireDefault(_opener);","","var _semver = require('semver');","","var _semver2 = _interopRequireDefault(_semver);","","var _npmCheckUpdates = require('npm-check-updates');","","var _npmCheckUpdates2 = _interopRequireDefault(_npmCheckUpdates);","","var _versionUtil = require('npm-check-updates/lib/version-util');","","var _catchAsyncError = require('../catchAsyncError');","","var _catchAsyncError2 = _interopRequireDefault(_catchAsyncError);","","var _npmProgress = require('../npmProgress');","","var npmProgress = _interopRequireWildcard(_npmProgress);","","var _filterUtils = require('../filterUtils');","","var _packageUtils = require('../packageUtils');","","var _changelogUtils = require('../changelogUtils');","","var _repositoryUtils = require('../repositoryUtils');","","var _cliTable = require('../cliTable');","","var _cliStyles = require('../cliStyles');","","var _askUser = require('../askUser');","","var _askUser2 = _interopRequireDefault(_askUser);","","var _ignore = require('./ignore');","","var _Config = require('../Config');","","var _Config2 = _interopRequireDefault(_Config);","","function _interopRequireWildcard(obj) { if (obj && obj.__esModule) { return obj; } else { var newObj = {}; if (obj != null) { for (var key in obj) { if (Object.prototype.hasOwnProperty.call(obj, key)) newObj[key] = obj[key]; } } newObj.default = obj; return newObj; } }","","function _interopRequireDefault(obj) { return obj && obj.__esModule ? obj : { default: obj }; }","","var pkg = require('../../package.json');","","var CURRENT_REPOSITORY_ID = (0, _repositoryUtils.getRepositoryInfo)(pkg.repository.url).repositoryId;","var DEFAULT_REMOTE_CHANGELOGS_DB_URL = `https://raw.githubusercontent.com/${CURRENT_REPOSITORY_ID}/master/db/changelogUrls.json`;","","function createUpdatedModulesTable(modules) {","  return (0, _cliTable.createSimpleTable)(_lodash2.default.map(modules, function (_ref) {","    var name = _ref.name,","        from = _ref.from,","        to = _ref.to;","    return [(0, _cliStyles.strong)(name), from, '→', (0, _versionUtil.colorizeDiff)(to, from)];","  }));","}","","var command = exports.command = 'check [filter]';","var aliases = exports.aliases = '*';","var describe = exports.describe = 'Check for outdated modules';","","var depsCliOptions = _packageUtils.DEPS_GROUPS.filter(function (group) {","  return group.cliOption;","});","","function builder(yargs) {","  depsCliOptions.forEach(function (_ref2) {","    var name = _ref2.name,","        field = _ref2.field;","    return yargs.option(name, {","      type: 'boolean',","      alias: name[0],","      describe: `check only \"${field}\"`","    });","  });","}","","var handler = exports.handler = (0, _catchAsyncError2.default)(function () {","  var _ref3 = (0, _asyncToGen
[...]
)} in ${(0, _cliStyles.strong)('package.json')}. Choose existing module.\\n`));","              moduleName = null;","            }","","            ignoreMore = void 0;","","          case 6:","            if (moduleName) {","              _context.next = 10;","              break;","            }","","            _context.next = 9;","            return (0, _askUser2.default)({","              type: 'list',","              message: 'Select module to ignore:',","              choices: makeModulesToIgnoreList(config.ignore),","              pageSize: 20","            });","","          case 9:","            moduleName = _context.sent;","","          case 10:","            _context.next = 12;","            return (0, _ignore.askIgnoreFields)('*');","","          case 12:","            config.ignore[moduleName] = _context.sent;","","            config.save();","","            console.log((0, _cliStyles.success)(`\\nModule ${(0, _cliStyles.strong)(moduleName)} added to ignored list.\\n`));","            moduleName = null;","","            _context.next = 18;","            return (0, _askUser2.default)({","              message: 'Do you want to ignore some other module?',","              type: 'confirm'","            });","","          case 18:","            ignoreMore = _context.sent;","","          case 19:","            if (ignoreMore) {","              _context.next = 6;","              break;","            }","","          case 20:","          case 'end':","            return _context.stop();","        }","      }","    }, _callee, undefined);","  }));","","  return function (_x) {","    return _ref.apply(this, arguments);","  };","}());","","function makeModulesToIgnoreList(ignoredModulesConfig) {","  var _loadPackageJson = (0, _packageUtils.loadPackageJson)(),","      packageJson = _loadPackageJson.content;","","  var ignoredModules = _lodash2.default.keys(ignoredModulesConfig);","","  return _lodash2.default.transform(_packageUtils.DEPS_GROUPS, function (list, group) {","    var groupModules = _lodash2.default.keys(packageJson[group.field]);","    var availableToIgnore = _lodash2.default.difference(groupModules, ignoredModules);","","    if (availableToIgnore.length) {","      list.push.apply(list, [new _inquirer.Separator((0, _cliStyles.strong)(`--- ${group.field} ---`))].concat(availableToIgnore));","    }","  });","}"],"l":{"3":2,"4":2,"6":2,"8":2,"10":2,"12":2,"14":2,"16":2,"18":2,"20":2,"22":2,"24":2,"26":2,"28":2,"30":2,"32":2,"34":2,"36":2,"38":12,"40":0,"41":0,"43":0,"44":0,"45":0,"46":0,"47":0,"48":0,"50":0,"51":0,"53":0,"55":0,"57":0,"58":0,"59":0,"62":0,"65":0,"66":0,"67":0,"70":0,"71":0,"79":0,"82":0,"83":0,"86":0,"88":0,"90":0,"91":0,"93":0,"94":0,"100":0,"103":0,"104":0,"105":0,"110":0,"116":0,"117":0,"121":1,"122":0,"125":0,"127":0,"128":0,"129":0,"131":0,"132":0}},"/home/travis/build/npmtest/node-npmtest-npm-upgrade/node_modules/npm-upgrade/lib/commands/ignore/list.js":{"path":"/home/travis/build/npmtest/node-npmtest-npm-upgrade/node_modules/npm-upgrade/lib/commands/ignore/list.js","s":{"1":1,"2":1,"3":1,"4":1,"5":1,"6":1,"7":1,"8":1,"9":1,"10":1,"11":1,"12":1,"13":4,"14":1,"15":1,"16":1,"17":0,"18":0,"19":0,"20":0,"21":0,"22":0,"23":0},"b":{"1":[3,1],"2":[4,4],"3":[0,0,0]},"f":{"1":4,"2":0,"3":0},"fnMap":{"1":{"name":"_interopRequireDefault","line":24,"loc":{"start":{"line":24,"column":0},"end":{"line":24,"column":37}}},"2":{"name":"_callee","line":29,"loc":{"start":{"line":29,"column":122},"end":{"line":29,"column":141}}},"3":{"name":"_callee$","line":31,"loc":{"start":{"line":31,"column":36},"end":{"line":31,"column":64}}}},"statementMap":{"1":{"start":{"line":3,"column":0},"end":{"line":3,"column":26}},"2":{"start":{"line":4,"column":0},"end":{"line":4,"column":65}},"3":{"start":{"line":6,"column":0},"end":{"line":6,"column":56}},"4":{"start":{"line":8,"column":0},"end":{"line":8,"column":57}},"5":{"start":{"line":10,"column":0},"end":{"line":10,"column":75}},"6":{"start":{"line":12,"column":0},"end":{"line":12,"column":68}},"7":{"start":{"line":14,"column":0},"end":{"line":14,"column":56}},"8":{"start":{"line":16,"column":0},"end":{"line":16,"column":65}},"9":{"start":{"line":18,"column":0},"end":{"line":18,"column":35}},"10":{"start":{"line":20,"column":0},"end":{"line":20,"column":38}},"11":{"start":{"line":22,"column":0},"end":{"line":22,"column":47}},"12":{"start":{"line":24,"column":0},"end":{"line":24,"column":95}},"13":{"start":{"line":24,"column":39},"end":{"line":24,"column":93}},"14":{"start":{"line":26,"column":0},"end":{"line":26,"column":39}},"15":{"start":{"line":27,"column":0},"end":{"line":27,"column":69}},"16":{"start":{"line":29,"column":0},"end":{"line":45,"column":5}},"17":{"start":{"line":30,"column":2},"end":{"line":30,"column":13}},"18":{"start":{"line":31,"column":2},"end":{"line":44,"column":25}},"19":{"start":{"line":32,"column":4},"end":{"line":43,"column":5}},"20":{"start":{"line":33,"column":6},"end":{"line":42,"column":7}},"21":{"start":{"line":35,"column":10},"end":{"line":35,"column":42}},"22":{"start":{"line":37,"column":10},"end":{"line":37,"column":114}},"23":{"start":{"line":41,"column":10},"end":{"line":41,"column":33}}},"branchMap":{"1":{"line":24,"type":"cond-expr","locations":[{"start":{"line":24,"column":70},"end":{"line":24,"column":73}},{"start":{"line":24,"column":76},"end":{"line":24,"column":92}}]},"2":{"line":24,"type":"binary-expr","locations":[{"start":{"line":24,"column":46},"end":{"line":24,"column":49}},{"start":{"line":24,"column":53},"end":{"line":24,"column":67}}]},"3":{"line":33,"type":"switch","locations":[{"start":{"line":34,"column":8},"end":{"line":37,"column":114}},{"start":{"line":39,"column":8},"end":{"line":39,"column":15}},{"start":{"line":40,"column":8},"end":{"line":41,"column":33}}]}},"code":["'use strict';","","exports.__esModule = true;","exports.handler = exports.describe = exports.command = undefined;","","var _regenerator = require('babel-runtime/regenerator');","","var _regenerator2 = _interopRequireDefault(_regenerator);","","var _asyncToGenerator2 = require('babel-runtime/helpers/asyncToGenerator');","","var _asyncToGenerator3 = _interopRequireDefault(_asyncToGenerator2);","","var _catchAsyncError = require('../../catchAsyncError');","","var _catchAsyncError2 = _interopRequireDefault(_catchAsyncError);","","var _ignore = require('../ignore');","","var _Config = require('../../Config');","","var _Config2 = _interopRequireDefault(_Config);","","function _interopRequireDefault(obj) { return obj && obj.__esModule ? obj : { default: obj }; }","","var command = exports.command = 'list';","var describe = exports.describe = 'Show the list of ignored modules';","","var handler = exports.handler = (0, _catchAsyncError2.default)((0, _asyncToGenerator3.default)(_regenerator2.default.mark(function _callee() {","  var config;","  return _regenerator2.default.wrap(function _callee$(_context) {","    while (1) {","      switch (_context.prev = _context.next) {","        case 0:","          config = new _Config2.default();","","          console.log(`Currently ignored modules:\\n\\n${(0, _ignore.createIgnoredModulesTable)(config.ignore)}\\n`);","","        case 2:","        case 'end':","          return _context.stop();","      }","    }","  }, _callee, undefined);","})));"],"l":{"3":1,"4":1,"6":1,"8":1,"10":1,"12":1,"14":1,"16":1,"18":1,"20":1,"22":1,"24":4,"26":1,"27":1,"29":1,"30":0,"31":0,"32":0,"33":0,"35":0,"37":0,"41":0}},"/home/travis/build/npmtest/node-npmtest-npm-upgrade/node_modules/npm-upgrade/lib/commands/ignore/reset.js":{"path":"/home/travis/build/npmtest/node-npmtest-npm-upgrade/node_modules/npm-upgrade/lib/commands/ignore/reset.js","s":{"1":1,"2":1,"3":1,"4":1,"5":1,"6":1,"7":1,"8":1,"9":1,"10":1,"11":1,"12":1,"13":1,"14":1,"15":1,"16":1,"17":1,"18":6,"19":1,"20":1,"21":1,"22":1,"23":0,"24":0,"25":0,"26":0,"27":0,"28":0,"29":0,"30":0,"31":0,"32":0,"33":0,"34":0,"35":0,"36":0,"37":0,"38":0,"39":0,"40":0,"41":0,"42":0,"43":0,"44":0,"45":0,"46":0,"47":0,"48":0,"49":0,"50":0,"51":0,"52":0,"53":0,"54":0,"55":0,"56":0,"57":0,"58":0,"59":0,"60":0,"61":0,"62":1,"63":0},"b":{"1":[4,2],"2":[6,6],"3":[0,0,0,0,0,0,0,0],"4":[0,0],"5":[0,0],"6":[0,0],"7":[0,0],"8":[0,0],"9":[0,0]},"f":{"1":6,"2":1,"3":0,"4":0,"5":0,"6":0},"fnMap":{"1":{"name":"_interopRequireDefault","line":34,"loc":{"start":{"line":34,"column":0},"end":{"line":34,"column":37}}},"2":{"name":"(anonymous_2)","line":39,"loc":{"start":{"line":39,"column":63},"end":{"line":39,"column":75}}},"3":{"name":"_callee","line":40,"loc":{"start":{"line":40,"column":72},"end":{"line":40,"column":95}}},"4":{"name":"_callee$","line":43,"loc":{"start":{"line":43,"column":38},"end":{"line":43,"column":66}}},"5":{"name":"(anonymous_5)","line":56,"loc":{"start":{"line":56,"column":71},"end":{"line":56,"column":93}}},"6":{"name":"(anonymous_6)","line":130,"loc":{"start":{"line":130,"column":9},"end":{"line":130,"column":23}}}},"statementMap":{"1":{"start":{"line":3,"column":0},"end":{"line":3,"column":26}},"2":{"start":{"line":4,"column":0},"end":{"line":4,"column":65}},"3":{"start":{"line":6,"column":0},"end":{"line":6,"column":56}},"4":{"start":{"line":8,"column":0},"end":{"line":8,"column":57}},"5":{"start":{"line":10,"column":0},"end":{"line":10,"column":75}},"6":{"start":{"line":12,"column":0},"end":{"line":12,"column":68}},"7":{"start":{"line":14,"column":0},"end":{"line":14,"column":32}},"8":{"start":{"line":16,"column":0},"end":{"line":16,"column":47}},"9":{"start":{"line":18,"column":0},"end":{"line":18,"column":56}},"10":{"start":{"line":20,"column":0},"end":{"line":20,"column":65}},"11":{"start":{"line":22,"column":0},"end":{"line":22,"column":40}},"12":{"start":{"line":24,"column":0},"end":{"line":24,"column":49}},"13":{"start":{"line":26,"column":0},"end":{"line":26,"column":44}},"14":{"start":{"line":28,"column":0},"end":{"line":28,"column":35}},"15":{"start":{"line":30,"column":0},"end":{"line":30,"column":38}},"16":{"start":{"line":32,"column":0},"end":{"line":32,"column":47}},"17":{"start":{"line":34,"column":0},"end":{"line":34,"column":95}},"18":{"start":{"line":34,"column":39},"end":{"line":34,"column":93}},"19":{"start":{"line":36,"column":0},"end":{"line":36,"column":53}},"20":{"start":{"line":37,"column":0},"end":{"line":37,"column":58}},"21":{"start":{"line":39,"column":0},"end":{"line":133,"column":5}},"22":{"start":{"line":40,"column":2},"end":{"line":128,"column":6}},"23":{"start":{"line":41,"column":4},"end":{"line":41,"column":85}},"24":{"start":{"line":43,"column":4},"end":{"line":127,"column":27}},"25":{"start":{"line":44,"column":6},"end":{"line":126,"column":7}},"26":{"start":{"line":45,"column":8},"end":{"line":125,"column":9}},"27":{"start":{"line":47,"column":12},"end":{"line":47,"column":42}},"28":{"start":{"line":48,"column":12},"end":{"line":48,"column":32}},"29":{"start":{"line":49,"column":12},"end":{"line":49,"column":44}},"30":{"start":{"line":50,"column":12},"end":{"line":50,"column":66}},"31":{"start":{"line":53,"column":12},"end":{"line":53,"column":116}},"32":{"start":{"line":55,"column":12},"end":{"line":66,"column":13}},"33":{"start":{"line":56,"column":14},"end":{"line":58,"column":17}},"34":{"start":{"line":57,"column":16},"end":{"line":57,"column":77}},"35":{"start":{"line":59,"column":14},"end":{"line":59,"column":46}},"36":{"start":{"line":60,"column":14},"end":{"line":60,"column":46}},"37":{"start":{"line":63,"column":14},"end":{"line":65,"column":15}},"38":{"start":{"line":64,"column":16},"end":{"line":64,"column":156}},"39":{"start":{"line":68,"column":12},"end":{"line":71,"column":13}},"40":{"start":{"line":69,"column":14},"end":{"line":69,"column":33}},"41":{"start":{"line":70,"column":14},"end":{"line":70,"column":20}},"42":{"start":{"line":73,"column":12},"end":{"line":73,"column":30}},"43":{"start":{"line":74,"column":12},"end":{"line":79,"column":15}},"44":{"start":{"line":82,"column":12},"end":{"line":82,"column":43}},"45":{"start":{"line":84,"column":12},"end":{"line":84,"column":26}},"46":{"start":{"line":87,"column":12},"end":{"line":90,"column":13}},"47":{"start":{"line":88,"column":14},"end":{"line":88,"column":33}},"48":{"start":{"line":89,"column":14},"end":{"line":89,"column":20}},"49":{"start":{"line":92,"column":12},"end":{"line":92,"column":105}},"50":{"start":{"line":96,"column":12},"end":{"line":96,"column":142}},"51":{"start":{"line":98,"column":12},"end":{"line":98,"column":31}},"52":{"start":{"line":99,"column":12},"end":{"line":103,"column":15}},"53":{"start":{"line":106,"column":12},"end":{"line":106,"column":36}},"54":{"start":{"line":108,"column":12},"end":{"line":111,"column":13}},"55":{"start":{"line":109,"column":14},"end":{"line":109,"column":33}},"56":{"start":{"line":110,"column":14},"end":{"line":110,"column":20}},"57":{"start":{"line":113,"column":12},"end":{"line":113,"column":45}},"58":{"start":{"line":117,"column":12},"end":{"line":117,"column":81}},"59":{"start":{"line":118,"column":12},"end":{"line":118,"column":26}},"60":{"start":{"line":120,"column":12},"end":{"line":120,"column":60}},"61":{"start":{"line":124,"column":12},"end":{"line":124,"column":35}},"62":{"start":{"line":130,"column":2},"end":{"line":132,"column":4}},"63":{"start":{"line":131,"column":4},"end":{"line":131,"column":39}}},"branchMap":{"1":{"line":34,"type":"cond-expr","locations":[{"start":{"line":34,"column":70},"end":{"line":34,"column":73}},{"start":{"line":34,"column":76},"end":{"line":34,"column":92}}]},"2":{"line":34,"type":"binary-expr","locations":[{"start":{"line":34,"column":46},"end":{"line":34,"column":49}},{"start":{"line":34,"column":53},"end":{"line":34,"column":67}}]},"3":{"line":45,"type":"switch","locations":[{"start":{"line":46,"column":10},"end":{"line":79,"column":15}},{"start":{"line":81,"column":10},"end":{"line":84,"column":26}},{"start":{"line":86,"column":10},"end":{"line":92,"column":105}},{"start":{"line":94,"column":10},"end":{"line":103,"column":15}},{"start":{"line":105,"column":10},"end":{"line":113,"column":45}},{"start":{"line":115,"column":10},"end":{"line":120,"column":60}},{"start":{"line":122,"column":10},"end":{"line":122,"column":18}},{"start":{"line":123,"column":10},"end":{"line":124,"column":35}}]},"4":{"line":55,"type":"if","locations":[{"start":{"line":55,"column":12},"end":{"line":55,"column":12}},{"start":{"line":55,"column":12},"end":{"line":55,"column":12}}]},"5":{"line":63,"type":"if","locations":[{"start":{"line":63,"column":14},"end":{"line":63,"column":14}},{"start":{"line":63,"column":14},"end":{"line":63,"column":14}}]},"6":{"line":68,"type":"if","locations":[{"start":{"line":68,"column":12},"end":{"line":68,"column":12}},{"start":{"line":68,"column":12},"end":{"line":68,"column":12}}]},"7":{"line":68,"type":"binary-expr","locations":[{"start":{"line":68,"column":18},"end":{"line":68,"column":40}},{"start":{"line":68,"column":44},"end":{"line":68,"column":65}}]},"8":{"line":87,"type":"if","locations":[{"start":{"line":87,"column":12},"end":{"line":87,"column":12}},{"start":{"line":87,"column":12},"end":{"line":87,"column":12}}]},"9":{"line":108,"type":"if","locations":[{"start":{"line":108,"column":12},"end":{"line":108,"column":12}},{"start":{"line":108,"column":12},"end":{"line":108,"column":12}}]}},"code":["'use strict';","","exports.__esModule = true;","exports.handler = exports.describe = exports.command = undefined;","","var _regenerator = require('babel-runtime/regenerator');","","var _regenerator2 = _interopRequireDefault(_regenerator);","","var _asyncToGenerator2 = require('babel-runtime/helpers/asyncToGenerator');","","var _asyncToGenerator3 = _interopRequireDefault(_asyncToGenerator2);","","var _lodash = require('lodash');","","var _lodash2 = _interopRequireDefault(_lodash);","","var _catchAsyncError = require('../../catchAsyncError');","","var _catchAsyncError2 = _interopRequireDefault(_catchAsyncError);","","var _askUser = require('../../askUser');","","var _askUser2 = _interopRequireDefault(_askUser);","","var _cliStyles = require('../../cliStyles');","","var _ignore = require('../ignore');","","var _Config = require('../../Config');","","var _Config2 = _interopRequireDefault(_Config);","","function _interopRequireDefault(obj) { return obj && obj.__esModule ? obj : { default: obj }; }","","var command = exports.command = 'reset [modules...]';","var describe = exports.describe = 'Reset ignored modules';","","var handler = exports.handler = (0, _catchAsyncError2.default)(function () {","  var _ref = (0, _asyncToGenerator3.default)(_regenerator2.default.mark(function _callee(opts) {","    var modulesToReset, invalidModules, config, ignoredModules, _$partition, confirm;","","    return _regenerator2.default.wrap(function _callee$(_context) {","      while (1) {","        switch (_context.prev = _context.next) {","          case 0:","            modulesToReset = opts.modules;","            invalidModules = [];","            config = new _Config2.default();","            ignoredModules = _lodash2.default.keys(config.ignore);","","","            console.log(`Currently ignored modules:\\n\\n${(0, _ignore.createIgnoredModulesTable)(config.ignore)}\\n`);","","            if (modulesToReset.length) {","              _$partition = _lodash2.default.partition(modulesToReset, function (moduleName) {","                return _lodash2.default.includes(ignoredModules, moduleName);","              });","              modulesToReset = _$partition[0];","              invalidModules = _$partition[1];","","","              if (invalidModules.length) {","                console.log((0, _cliStyles.attention)(`These modules are not in the ignored list: ${(0, _cliStyles.strong)(invalidModules.join(', '))}\\n`));","              }","            }","","            if (!(!modulesToReset.length || invalidModules.length)) {","              _context.next = 11;","              break;","            }","","            _context.next = 9;","            return (0, _askUser2.default)({","              type: 'checkbox',","              message: 'Select ignored modules to reset:',","              choices: ignoredModules,","              default: modulesToReset","            });","","          case 9:","            modulesToReset = _context.sent;","","            console.log();","","          case 11:","            if (modulesToReset.length) {","              _context.next = 13;","              break;","            }","","            return _context.abrupt('return', console.log((0, _cliStyles.attention)('Nothing to reset')));","","          case 13:","","            console.log(`These ignored modules will be reset:\\n\\n${(0, _ignore.createIgnoredModulesTable)(config.ignore, modulesToReset)}\\n`);","","            _context.next = 16;","            return (0, _askUser2.default)({","              message: 'Are you sure?',","              type: 'confirm',","              default: false","            });","","          case 16:","            confirm = _context.sent;","","            if (confirm) {","              _context.next = 19;","              break;","            }","","            return _context.abrupt('return');","","          case 19:","","            config.ignore = _lodash2.default.omit(config.ignore, modulesToReset);","            config.save();","","            console.log((0, _cliStyles.success)('\\nDone!'));","","          case 22:","          case 'end':","            return _context.stop();","        }","      }","    }, _callee, undefined);","  }));","","  return function (_x) {","    return _ref.apply(this, arguments);","  };","}());"],"l":{"3":1,"4":1,"6":1,"8":1,"10":1,"12":1,"14":1,"16":1,"18":1,"20":1,"22":1,"24":1,"26":1,"28":1,"30":1,"32":1,"34":6,"36":1,"37":1,"39":1,"40":1,"41":0,"43":0,"44":0,"45":0,"47":0,"48":0,"49":0,"50":0,"53":0,"55":0,"56":0,"57":0,"59":0,"60":0,"63":0,"64":0,"68":0,"69":0,"70":0,"73":0,"74":0,"82":0,"84":0,"87":0,"88":0,"89":0,"92":0,"96":0,"98":0,"99":0,"106":0,"108":0,"109":0,"110":0,"113":0,"117":0,"118":0,"120":0,"124":0,"130":1,"131":0}}}